00:52:02.034 | Info | 'Server Running at 8080 on development...' | 
00:56:33.290 | Info | 'Server Running at 8080 on development...' | 
01:01:38.060 | Info | 'Server Running at 8080 on development...' | 
01:01:39.624 | Info | 'Server Running at 8080 on development...' | 
01:01:40.727 | Info | 'Server Running at 8080 on development...' | 
01:01:42.242 | Info | 'Server Running at 8080 on development...' | 
01:01:43.424 | Info | 'Server Running at 8080 on development...' | 
04:45:48.504 | Info | 'Server Running at 8080 on development...' | 
04:45:57.008 | Info | 'Server Running at 8080 on development...' | 
05:30:57.370 | Info | 'Data fetched on development server ...' | 
05:36:28.929 | Info | 'Data fetched on development server ...' | 
05:39:55.094 | Info | 'Data fetched on development server ...' | 
05:44:27.257 | Info | 'Data fetched on development server ...' | 
05:44:29.185 | Info | 'Data fetched on development server ...' | 
05:48:01.308 | Info | 'data featch on development server ...' | 
05:48:01.347 | Info | 'data featch on development server ...' | 
05:48:09.170 | Info | 'data featch on development server ...' | 
05:48:11.030 | Info | 'data featch on development server ...' | 
05:48:11.059 | Info | 'data featch on development server ...' | 
05:48:12.548 | Info | 'data featch on development server ...' | 
05:48:12.573 | Info | 'data featch on development server ...' | 
05:48:14.481 | Info | 'data featch on development server ...' | 
05:48:14.514 | Info | 'data featch on development server ...' | 
05:48:15.112 | Info | 'data featch on development server ...' | 
05:48:16.517 | Info | 'data featch on development server ...' | 
05:48:16.545 | Info | 'data featch on development server ...' | 
05:48:22.676 | Info | 'data featch on development server ...' | 
05:48:41.803 | Info | 'data featch on development server ...' | 
05:48:48.624 | Info | 'data featch on development server ...' | 
05:48:48.656 | Info | 'data featch on development server ...' | 
05:49:59.885 | Info | 'Data fetched on development server ...' | 
05:50:32.303 | Info | 'Data fetched on development server ...' | 
05:52:09.619 | Info | 'data featch on development server ...' | 
05:52:09.643 | Info | 'data featch on development server ...' | 
05:52:12.205 | Info | 'data featch on development server ...' | 
05:52:13.601 | Info | 'data featch on development server ...' | 
05:52:13.624 | Info | 'data featch on development server ...' | 
05:52:14.413 | Info | 'data featch on development server ...' | 
05:52:33.389 | Info | 'Data fetched on development server ...' | 
05:52:43.305 | Info | 'User with id=20 tin number was updated successfully.' | 
05:52:43.330 | Info | 'Data fetched on development server ...' | 
05:54:06.144 | Info | 'Data fetched on development server ...' | 
05:54:14.427 | Info | 'User with id=21 tin number was updated successfully.' | 
05:54:14.446 | Info | 'Data fetched on development server ...' | 
05:55:16.737 | Info | '3 Tax Records were updated successfully.' | 
05:55:30.196 | Info | 'Data fetched on development server ...' | 
05:55:50.628 | Info | 'Data fetched on development server ...' | 
05:55:57.031 | Info | 'Data fetched on development server ...' | 
05:56:13.684 | Info | 'data featch on development server ...' | 
05:57:53.626 | Info | 'data featch on development server ...' | 
05:57:53.650 | Info | 'data featch on development server ...' | 
06:03:11.624 | Info | 'data featch on development server ...' | 
06:06:49.655 | Info | 'data featch on development server ...' | 
06:10:21.663 | Info | 'Server Running at 8080 on development...' | 
06:10:48.830 | Info | 'Server Running at 8080 on development...' | 
06:11:14.171 | Info | 'Server Running at 8080 on development...' | 
06:11:17.652 | Info | 'Server Running at 8080 on development...' | 
06:11:22.947 | Info | 'Server Running at 8080 on development...' | 
06:11:49.229 | Info | 'data featch on development server ...' | 
06:11:49.287 | Info | 'data featch on development server ...' | 
06:11:50.823 | Info | 'data featch on development server ...' | 
06:11:50.851 | Info | 'data featch on development server ...' | 
06:11:51.672 | Info | 'data featch on development server ...' | 
06:11:51.699 | Info | 'data featch on development server ...' | 
06:11:52.380 | Info | 'data featch on development server ...' | 
06:11:52.402 | Info | 'data featch on development server ...' | 
06:13:22.249 | Info | 'data featch on development server ...' | 
06:13:22.278 | Info | 'data featch on development server ...' | 
06:14:34.493 | Info | 'Server Running at 8080 on development...' | 
06:14:36.230 | Info | 'Server Running at 8080 on development...' | 
06:14:37.377 | Info | 'Server Running at 8080 on development...' | 
06:15:06.479 | Info | 'Server Running at 8080 on development...' | 
06:17:36.441 | Info | 'data featch on development server ...' | 
06:17:36.513 | Info | 'data featch on development server ...' | 
06:17:39.794 | Info | 'data featch on development server ...' | 
06:17:40.715 | Info | 'data featch on development server ...' | 
06:17:40.768 | Info | 'data featch on development server ...' | 
06:17:41.646 | Info | 'data featch on development server ...' | 
06:17:42.273 | Info | 'data featch on development server ...' | 
06:17:42.154 | Info | 'data featch on development server ...' | 
06:20:06.886 | Info | 'Server Running at 8080 on development...' | 
06:20:16.028 | Info | 'Server Running at 8080 on development...' | 
06:20:20.427 | Info | 'Server Running at 8080 on development...' | 
06:20:30.008 | Info | 'Server Running at 8080 on development...' | 
06:20:49.037 | Info | 'Server Running at 8080 on development...' | 
06:20:51.280 | Info | 'Server Running at 8080 on development...' | 
06:20:51.993 | Info | 'Server Running at 8080 on development...' | 
06:22:27.522 | Info | 'Server Running at 8080 on development...' | 
06:22:30.233 | Info | 'Server Running at 8080 on development...' | 
06:23:45.251 | Info | 'data featch on development server ...' | 
06:23:45.275 | Info | 'data featch on development server ...' | 
06:25:26.106 | Info | 'data featch on development server ...' | 
06:25:26.827 | Info | 'data featch on development server ...' | 
06:25:26.858 | Info | 'data featch on development server ...' | 
06:26:32.674 | Info | 'Server Running at 8080 on development...' | 
06:26:55.736 | Info | 'Server Running at 8080 on development...' | 
06:27:06.193 | Info | 'Server Running at 8080 on development...' | 
06:27:17.421 | Info | 'Server Running at 8080 on development...' | 
06:27:22.898 | Info | 'Server Running at 8080 on development...' | 
06:27:46.108 | Info | 'Server Running at 8080 on development...' | 
06:27:48.240 | Info | 'Server Running at 8080 on development...' | 
06:28:07.600 | Info | 'Server Running at 8080 on development...' | 
06:29:21.626 | Info | 'Server Running at 8080 on development...' | 
06:32:10.612 | Info | 'Server Running at 8080 on development...' | 
06:32:59.858 | Info | 'data featch on development server ...' | 
06:33:00.834 | Info | 'data featch on development server ...' | 
06:33:02.840 | Info | 'data featch on development server ...' | 
06:33:02.855 | Info | 'data featch on development server ...' | 
06:33:25.862 | Info | 'data featch on development server ...' | 
06:33:25.886 | Info | 'data featch on development server ...' | 
06:33:26.840 | Info | 'data featch on development server ...' | 
06:33:26.848 | Info | 'data featch on development server ...' | 
06:33:42.841 | Info | 'data featch on development server ...' | 
06:33:42.855 | Info | 'data featch on development server ...' | 
06:33:50.842 | Info | 'data featch on development server ...' | 
06:33:50.856 | Info | 'data featch on development server ...' | 
06:33:52.855 | Info | 'data featch on development server ...' | 
06:33:53.840 | Info | 'data featch on development server ...' | 
06:34:02.847 | Info | 'data featch on development server ...' | 
06:34:02.871 | Info | 'data featch on development server ...' | 
06:34:09.844 | Info | 'data featch on development server ...' | 
06:34:09.858 | Info | 'data featch on development server ...' | 
06:34:11.855 | Info | 'data featch on development server ...' | 
06:34:11.868 | Info | 'data featch on development server ...' | 
06:34:55.846 | Info | 'data featch on development server ...' | 
06:34:55.855 | Info | 'data featch on development server ...' | 
06:35:49.175 | Info | 'data featch on development server ...' | 
06:35:49.201 | Info | 'data featch on development server ...' | 
06:37:30.970 | Info | 'data featch on development server ...' | 
06:38:43.560 | Info | 'data featch on development server ...' | 
06:38:43.592 | Info | 'data featch on development server ...' | 
06:39:09.456 | Info | 'data featch on development server ...' | 
06:40:06.423 | Info | 'data featch on development server ...' | 
06:40:06.452 | Info | 'data featch on development server ...' | 
06:46:52.850 | Info | 'data featch on development server ...' | 
06:47:13.858 | Info | 'data featch on development server ...' | 
06:47:31.866 | Info | 'data featch on development server ...' | 
06:48:39.417 | Info | 'data featch on development server ...' | 
06:48:39.455 | Info | 'data featch on development server ...' | 
06:49:08.823 | Info | 'data featch on development server ...' | 
06:49:53.717 | Info | 'Data fetched on development server ...' | 
06:50:04.961 | Info | 'User with id=24 tin number was updated successfully.' | 
06:50:04.983 | Info | 'Data fetched on development server ...' | 
06:50:08.043 | Info | 'User with id=592 tin number was updated successfully.' | 
06:50:08.064 | Info | 'Data fetched on development server ...' | 
06:50:10.968 | Info | 'User with id=1916 tin number was updated successfully.' | 
06:50:10.978 | Info | 'Data fetched on development server ...' | 
06:50:13.868 | Info | 'User with id=3012 tin number was updated successfully.' | 
06:50:13.896 | Info | 'Data fetched on development server ...' | 
06:50:17.743 | Info | 'User with id=3245 tin number was updated successfully.' | 
06:50:17.760 | Info | 'Data fetched on development server ...' | 
06:50:22.951 | Info | 'User with id=5244 tin number was updated successfully.' | 
06:50:22.979 | Info | 'Data fetched on development server ...' | 
06:50:25.701 | Info | 'User with id=5202 tin number was updated successfully.' | 
06:50:25.723 | Info | 'Data fetched on development server ...' | 
06:50:28.651 | Info | 'User with id=5018 tin number was updated successfully.' | 
06:50:28.678 | Info | 'Data fetched on development server ...' | 
06:50:31.410 | Info | 'User with id=3271 tin number was updated successfully.' | 
06:50:31.428 | Info | 'Data fetched on development server ...' | 
06:50:34.216 | Info | 'User with id=4184 tin number was updated successfully.' | 
06:50:34.230 | Info | 'Data fetched on development server ...' | 
06:50:40.058 | Info | 'User with id=4189 tin number was updated successfully.' | 
06:50:40.080 | Info | 'Data fetched on development server ...' | 
06:50:43.975 | Info | 'User with id=5908 tin number was updated successfully.' | 
06:50:43.998 | Info | 'Data fetched on development server ...' | 
06:51:05.557 | Info | '12 Tax Records were updated successfully.' | 
06:51:43.393 | Info | 'data featch on development server ...' | 
06:51:43.419 | Info | 'data featch on development server ...' | 
06:52:52.809 | Info | 'Server Running at 8080 on development...' | 
06:52:54.982 | Info | 'Server Running at 8080 on development...' | 
06:52:57.714 | Info | 'Server Running at 8080 on development...' | 
06:53:03.174 | Info | 'Server Running at 8080 on development...' | 
06:53:08.587 | Info | 'Server Running at 8080 on development...' | 
