00:00:38.032 | Info | 'Server Running at 8080 on development...' | 
00:07:03.551 | Info | 'Server Running at 8080 on development...' | 
00:07:05.659 | Info | 'Server Running at 8080 on development...' | 
00:07:26.860 | Info | 'Server Running at 8080 on development...' | 
00:10:22.196 | Info | 'Data fetched on development server ...' | 
00:11:33.085 | Info | 'Server Running at 8080 on development...' | 
00:11:34.723 | Info | 'Server Running at 8080 on development...' | 
00:11:57.218 | Info | 'Server Running at 8080 on development...' | 
00:11:59.744 | Info | 'Server Running at 8080 on development...' | 
00:12:01.419 | Info | 'Server Running at 8080 on development...' | 
00:12:32.683 | Info | 'Server Running at 8080 on development...' | 
00:12:33.202 | Info | 'Server Running at 8080 on development...' | 
00:13:21.330 | Info | 'Server Running at 8080 on development...' | 
00:13:23.680 | Info | 'Server Running at 8080 on development...' | 
00:13:24.778 | Info | 'Server Running at 8080 on development...' | 
00:13:51.568 | Info | 'Server Running at 8080 on development...' | 
00:14:08.226 | Info | 'Server Running at 8080 on development...' | 
00:14:32.761 | Info | 'Server Running at 8080 on development...' | 
00:14:34.292 | Info | 'Server Running at 8080 on development...' | 
00:14:46.583 | Info | 'Server Running at 8080 on development...' | 
00:14:49.268 | Info | 'Server Running at 8080 on development...' | 
00:14:58.929 | Info | 'Server Running at 8080 on development...' | 
00:15:00.369 | Info | 'Server Running at 8080 on development...' | 
00:15:05.980 | Info | 'Server Running at 8080 on development...' | 
00:15:20.929 | Info | 'Server Running at 8080 on development...' | 
00:18:26.306 | Info | 'Server Running at 8080 on development...' | 
00:18:30.329 | Info | 'Server Running at 8080 on development...' | 
00:18:31.385 | Info | 'Server Running at 8080 on development...' | 
00:18:33.729 | Info | 'Server Running at 8080 on development...' | 
00:18:34.301 | Info | 'Server Running at 8080 on development...' | 
00:18:52.792 | Info | 'Server Running at 8080 on development...' | 
00:18:54.264 | Info | 'Server Running at 8080 on development...' | 
00:23:35.590 | Info | 'Data fetched on development server ...' | 
00:23:53.690 | Info | 'Server Running at 8080 on development...' | 
00:23:55.710 | Info | 'Server Running at 8080 on development...' | 
00:23:57.092 | Info | 'Server Running at 8080 on development...' | 
00:24:16.791 | Info | 'Server Running at 8080 on development...' | 
00:24:34.112 | Info | 'Server Running at 8080 on development...' | 
00:24:37.594 | Info | 'Server Running at 8080 on development...' | 
00:24:47.022 | Info | 'Server Running at 8080 on development...' | 
00:24:48.564 | Info | 'Server Running at 8080 on development...' | 
00:25:14.745 | Info | 'Server Running at 8080 on development...' | 
00:25:27.911 | Info | 'Server Running at 8080 on development...' | 
00:25:29.477 | Info | 'Server Running at 8080 on development...' | 
00:25:41.676 | Info | 'Server Running at 8080 on development...' | 
00:25:43.392 | Info | 'Server Running at 8080 on development...' | 
00:26:05.233 | Info | 'Server Running at 8080 on development...' | 
00:26:11.801 | Info | 'Server Running at 8080 on development...' | 
00:26:14.896 | Info | 'Server Running at 8080 on development...' | 
00:26:35.027 | Info | 'Server Running at 8080 on development...' | 
00:26:38.879 | Info | 'Server Running at 8080 on development...' | 
00:26:39.682 | Info | 'Server Running at 8080 on development...' | 
00:27:28.455 | Info | 'Server Running at 8080 on development...' | 
00:27:31.796 | Info | 'Server Running at 8080 on development...' | 
00:27:34.799 | Info | 'Server Running at 8080 on development...' | 
00:27:56.214 | Info | 'Branches in Addis Ababa (city) fetched successfully.' | 
00:29:32.792 | Info | 'Data fetched on development server ...' | 
00:29:32.824 | Info | 'Data fetched on development server ...' | 
00:29:39.576 | Info | 'Data fetched on development server ...' | 
00:29:39.616 | Info | 'Data fetched on development server ...' | 
00:30:39.458 | Info | 'Server Running at 8080 on development...' | 
00:30:40.445 | Info | 'Server Running at 8080 on development...' | 
00:31:18.539 | Info | 'Server Running at 8080 on development...' | 
00:32:09.568 | Info | 'Server Running at 8080 on development...' | 
00:32:11.208 | Info | 'Server Running at 8080 on development...' | 
00:32:13.772 | Info | 'Server Running at 8080 on development...' | 
00:32:21.850 | Info | 'Server Running at 8080 on development...' | 
00:32:33.351 | Info | 'Branches in Addis Ababa (city) fetched successfully.' | 
00:36:18.169 | Info | 'Data fetched on development server ...' | 
00:36:18.204 | Info | 'Data fetched on development server ...' | 
00:37:18.525 | Info | 'Data fetched on development server ...' | 
00:37:18.556 | Info | 'Data fetched on development server ...' | 
00:39:00.368 | Info | 'Branches in Addis Ababa (city) fetched successfully.' | 
00:39:00.389 | Info | 'Branches in Addis Ababa (city) fetched successfully.' | 
00:39:00.408 | Info | 'Branches in Addis Ababa (city) fetched successfully.' | 
00:40:00.956 | Info | 'Server Running at 8080 on development...' | 
00:40:05.527 | Info | 'Server Running at 8080 on development...' | 
00:40:11.134 | Info | 'Server Running at 8080 on development...' | 
00:41:23.454 | Info | 'Server Running at 8080 on development...' | 
00:41:49.568 | Info | 'Branches in Addis Ababa (city) fetched successfully.' | 
00:42:10.921 | Info | 'Branches in Addis Ababa (city) fetched successfully.' | 
00:42:10.943 | Info | 'Branches in Addis Ababa (city) fetched successfully.' | 
00:42:12.819 | Info | 'Branches in Addis Ababa (city) fetched successfully.' | 
00:42:12.836 | Info | 'Branches in Addis Ababa (city) fetched successfully.' | 
00:42:13.409 | Info | 'Branches in Addis Ababa (city) fetched successfully.' | 
00:42:13.424 | Info | 'Branches in Addis Ababa (city) fetched successfully.' | 
00:42:13.854 | Info | 'Branches in Addis Ababa (city) fetched successfully.' | 
00:42:13.869 | Info | 'Branches in Addis Ababa (city) fetched successfully.' | 
00:48:00.065 | Info | 'Branches in Addis Ababa (city) fetched successfully.' | 
00:48:00.085 | Info | 'Branches in Addis Ababa (city) fetched successfully.' | 
02:24:44.154 | Info | 'Branches in Addis Ababa (city) fetched successfully.' | 
02:24:44.171 | Info | 'Branches in Addis Ababa (city) fetched successfully.' | 
04:12:51.962 | Info | 'Branches in Addis Ababa (city) fetched successfully.' | 
04:12:51.975 | Info | 'Branches in Addis Ababa (city) fetched successfully.' | 
04:13:53.870 | Info | 'data featch on development server ...' | 
04:13:55.409 | Info | 'Branches in Addis Ababa (city) fetched successfully.' | 
04:13:55.421 | Info | 'Branches in Addis Ababa (city) fetched successfully.' | 
04:14:32.595 | Info | 'Branches in Addis Ababa (city) fetched successfully.' | 
04:14:32.610 | Info | 'Branches in Addis Ababa (city) fetched successfully.' | 
04:14:36.477 | Info | 'Branches in Addis Ababa (city) fetched successfully.' | 
04:14:36.490 | Info | 'Branches in Addis Ababa (city) fetched successfully.' | 
04:35:14.560 | Info | 'Branches in Addis Ababa (city) fetched successfully.' | 
04:35:14.572 | Info | 'Branches in Addis Ababa (city) fetched successfully.' | 
04:37:36.656 | Info | 'Server Running at 8080 on development...' | 
04:37:41.297 | Info | 'Server Running at 8080 on development...' | 
04:37:42.714 | Info | 'Server Running at 8080 on development...' | 
04:37:43.962 | Info | 'Server Running at 8080 on development...' | 
04:38:35.021 | Info | 'Branches in Addis Ababa (city) fetched successfully.' | 
04:38:35.037 | Info | 'Branches in Addis Ababa (city) fetched successfully.' | 
04:38:36.850 | Info | 'Branches in Addis Ababa (city) fetched successfully.' | 
04:38:36.863 | Info | 'Branches in Addis Ababa (city) fetched successfully.' | 
04:38:37.627 | Info | 'data featch on development server ...' | 
04:38:38.472 | Info | 'Branches in Addis Ababa (city) fetched successfully.' | 
04:38:38.489 | Info | 'Branches in Addis Ababa (city) fetched successfully.' | 
04:41:56.504 | Info | '12 Tax Records were updated successfully.' | 
05:19:49.517 | Info | 'Branches in Addis Ababa (city) fetched successfully.' | 
05:19:49.546 | Info | 'Branches in Addis Ababa (city) fetched successfully.' | 
05:19:53.024 | Info | 'Branches in Addis Ababa (city) fetched successfully.' | 
05:20:41.679 | Info | 'Branches in Addis Ababa (city) fetched successfully.' | 
05:20:44.445 | Info | 'Branches in Addis Ababa (city) fetched successfully.' | 
05:20:44.457 | Info | 'Branches in Addis Ababa (city) fetched successfully.' | 
05:20:48.577 | Info | 'Branches in Addis Ababa (city) fetched successfully.' | 
05:20:48.590 | Info | 'Branches in Addis Ababa (city) fetched successfully.' | 
05:21:25.386 | Info | 'Branches in Addis Ababa (city) fetched successfully.' | 
05:21:25.398 | Info | 'Branches in Addis Ababa (city) fetched successfully.' | 
05:22:19.286 | Info | 'Branches in Addis Ababa (city) fetched successfully.' | 
05:22:19.298 | Info | 'Branches in Addis Ababa (city) fetched successfully.' | 
05:22:21.827 | Info | 'Branches in Addis Ababa (city) fetched successfully.' | 
05:22:21.835 | Info | 'Branches in Addis Ababa (city) fetched successfully.' | 
05:22:21.846 | Info | 'Branches in Addis Ababa (city) fetched successfully.' | 
05:22:21.862 | Info | 'Branches in Addis Ababa (city) fetched successfully.' | 
05:24:15.282 | Info | 'Branches in Addis Ababa (city) fetched successfully.' | 
05:24:15.293 | Info | 'Branches in Addis Ababa (city) fetched successfully.' | 
05:24:15.303 | Info | 'Branches in Addis Ababa (city) fetched successfully.' | 
05:24:15.311 | Info | 'Branches in Addis Ababa (city) fetched successfully.' | 
05:25:23.972 | Info | 'Branches in Addis Ababa (city) fetched successfully.' | 
05:26:55.542 | Info | 'Branches in Addis Ababa (city) fetched successfully.' | 
05:26:55.551 | Info | 'Branches in Addis Ababa (city) fetched successfully.' | 
05:34:47.566 | Info | 'Branches in Addis Ababa (city) fetched successfully.' | 
05:34:47.577 | Info | 'Branches in Addis Ababa (city) fetched successfully.' | 
05:34:50.042 | Info | 'Branches in Addis Ababa (city) fetched successfully.' | 
05:34:50.054 | Info | 'Branches in Addis Ababa (city) fetched successfully.' | 
05:34:50.063 | Info | 'Branches in Addis Ababa (city) fetched successfully.' | 
05:34:50.071 | Info | 'Branches in Addis Ababa (city) fetched successfully.' | 
05:37:06.324 | Info | 'Branches in Addis Ababa (city) fetched successfully.' | 
05:37:11.824 | Info | 'Branches in Addis Ababa (city) fetched successfully.' | 
05:37:19.384 | Info | 'Branches in Addis Ababa (city) fetched successfully.' | 
05:37:19.401 | Info | 'Branches in Addis Ababa (city) fetched successfully.' | 
05:37:19.410 | Info | 'Branches in Addis Ababa (city) fetched successfully.' | 
05:37:23.945 | Info | 'Branches in Addis Ababa (city) fetched successfully.' | 
05:37:23.957 | Info | 'Branches in Addis Ababa (city) fetched successfully.' | 
05:37:24.697 | Info | 'Branches in Addis Ababa (city) fetched successfully.' | 
05:37:24.707 | Info | 'Branches in Addis Ababa (city) fetched successfully.' | 
05:40:28.546 | Info | 'Branches in Addis Ababa (city) fetched successfully.' | 
05:40:28.558 | Info | 'Branches in Addis Ababa (city) fetched successfully.' | 
05:40:35.554 | Info | 'Branches in Addis Ababa (city) fetched successfully.' | 
05:40:35.565 | Info | 'Branches in Addis Ababa (city) fetched successfully.' | 
05:41:07.118 | Info | 'Branches in Addis Ababa (city) fetched successfully.' | 
05:41:07.132 | Info | 'Branches in Addis Ababa (city) fetched successfully.' | 
05:41:10.091 | Info | 'Branches in Addis Ababa (city) fetched successfully.' | 
05:41:10.103 | Info | 'Branches in Addis Ababa (city) fetched successfully.' | 
05:41:19.802 | Info | 'Branches in Addis Ababa (city) fetched successfully.' | 
05:41:19.816 | Info | 'Branches in Addis Ababa (city) fetched successfully.' | 
05:41:23.982 | Info | 'Branches in Addis Ababa (city) fetched successfully.' | 
05:41:23.994 | Info | 'Branches in Addis Ababa (city) fetched successfully.' | 
05:41:24.006 | Info | 'Branches in Addis Ababa (city) fetched successfully.' | 
05:41:24.015 | Info | 'Branches in Addis Ababa (city) fetched successfully.' | 
05:42:18.581 | Info | 'Branches in Addis Ababa (city) fetched successfully.' | 
05:42:18.609 | Info | 'Branches in Addis Ababa (city) fetched successfully.' | 
05:42:34.999 | Info | 'Branches in Addis Ababa (city) fetched successfully.' | 
05:42:35.011 | Info | 'Branches in Addis Ababa (city) fetched successfully.' | 
05:42:36.170 | Info | 'Branches in Addis Ababa (city) fetched successfully.' | 
05:42:36.182 | Info | 'Branches in Addis Ababa (city) fetched successfully.' | 
05:42:43.279 | Info | 'Branches in Addis Ababa (city) fetched successfully.' | 
05:42:43.291 | Info | 'Branches in Addis Ababa (city) fetched successfully.' | 
05:43:27.019 | Info | 'Branches in Addis Ababa (city) fetched successfully.' | 
05:43:27.033 | Info | 'Branches in Addis Ababa (city) fetched successfully.' | 
05:43:31.052 | Info | 'Branches in Addis Ababa (city) fetched successfully.' | 
05:43:31.064 | Info | 'Branches in Addis Ababa (city) fetched successfully.' | 
05:44:48.253 | Info | 'Branches in Addis Ababa (city) fetched successfully.' | 
05:48:43.404 | Info | 'Branches in Addis Ababa (city) fetched successfully.' | 
05:50:28.122 | Info | 'Branches in Addis Ababa (city) fetched successfully.' | 
05:50:28.138 | Info | 'Branches in Addis Ababa (city) fetched successfully.' | 
05:50:44.492 | Info | 'Branches in Addis Ababa (city) fetched successfully.' | 
05:50:46.710 | Info | 'Branches in Addis Ababa (city) fetched successfully.' | 
05:50:47.953 | Info | 'Branches in Addis Ababa (city) fetched successfully.' | 
05:50:47.968 | Info | 'Branches in Addis Ababa (city) fetched successfully.' | 
05:51:00.999 | Info | 'Branches in Addis Ababa (city) fetched successfully.' | 
05:51:01.010 | Info | 'Branches in Addis Ababa (city) fetched successfully.' | 
05:51:19.921 | Info | 'Branches in Addis Ababa (city) fetched successfully.' | 
05:51:27.643 | Info | 'Branches in Addis Ababa (city) fetched successfully.' | 
05:51:35.865 | Info | 'Branches in Addis Ababa (city) fetched successfully.' | 
05:51:42.463 | Info | 'Branches in Addis Ababa (city) fetched successfully.' | 
05:51:59.918 | Info | 'Branches in Addis Ababa (city) fetched successfully.' | 
05:52:01.367 | Info | 'Branches in Addis Ababa (city) fetched successfully.' | 
05:52:27.876 | Info | 'Branches in Addis Ababa (city) fetched successfully.' | 
05:52:28.725 | Info | 'Branches in Addis Ababa (city) fetched successfully.' | 
05:52:43.313 | Info | 'Branches in Addis Ababa (city) fetched successfully.' | 
05:52:50.184 | Info | 'Branches in Addis Ababa (city) fetched successfully.' | 
05:52:53.864 | Info | 'Branches in Addis Ababa (city) fetched successfully.' | 
05:52:57.262 | Info | 'Branches in Addis Ababa (city) fetched successfully.' | 
05:55:44.560 | Info | 'Branches in Addis Ababa (city) fetched successfully.' | 
05:57:27.558 | Info | 'Branches in Addis Ababa (city) fetched successfully.' | 
05:57:47.149 | Info | 'Branches in Addis Ababa (city) fetched successfully.' | 
05:57:50.431 | Info | 'Branches in Addis Ababa (city) fetched successfully.' | 
05:58:08.047 | Info | 'Branches in Addis Ababa (city) fetched successfully.' | 
05:58:10.487 | Info | 'Branches in Addis Ababa (city) fetched successfully.' | 
05:58:12.122 | Info | 'Branches in Addis Ababa (city) fetched successfully.' | 
05:58:17.499 | Info | 'Branches in Addis Ababa (city) fetched successfully.' | 
05:58:18.834 | Info | 'Branches in Addis Ababa (city) fetched successfully.' | 
05:58:22.979 | Info | 'Branches in Addis Ababa (city) fetched successfully.' | 
05:58:41.189 | Info | 'Branches in Addis Ababa (city) fetched successfully.' | 
05:58:43.188 | Info | 'Branches in Addis Ababa (city) fetched successfully.' | 
05:58:45.417 | Info | 'Branches in Addis Ababa (city) fetched successfully.' | 
05:58:48.214 | Info | 'Branches in Addis Ababa (city) fetched successfully.' | 
05:59:42.224 | Info | 'Branches in Addis Ababa (city) fetched successfully.' | 
06:00:46.553 | Info | 'Branches in Addis Ababa (city) fetched successfully.' | 
06:00:49.550 | Info | 'Branches in Addis Ababa (city) fetched successfully.' | 
06:01:48.258 | Info | 'Server Running at 8080 on development...' | 
06:02:29.849 | Info | 'Server Running at 8080 on development...' | 
06:02:37.854 | Info | 'Server Running at 8080 on development...' | 
06:02:42.896 | Info | 'Server Running at 8080 on development...' | 
06:02:44.225 | Info | 'Server Running at 8080 on development...' | 
06:02:56.441 | Info | 'Branches in Addis Ababa (city) fetched successfully.' | 
06:02:56.464 | Info | 'Branches in Addis Ababa (city) fetched successfully.' | 
06:04:58.901 | Info | 'Branches in Addis Ababa (city) fetched successfully.' | 
06:05:17.525 | Info | 'Branches in Addis Ababa (city) fetched successfully.' | 
06:05:17.538 | Info | 'Branches in Addis Ababa (city) fetched successfully.' | 
06:05:49.087 | Info | '12 Tax Records were updated successfully.' | 
06:06:07.424 | Info | 'Branches in Addis Ababa (city) fetched successfully.' | 
06:06:07.437 | Info | 'Branches in Addis Ababa (city) fetched successfully.' | 
06:06:12.963 | Info | 'Data fetched on development server ...' | 
06:06:15.455 | Info | 'Branches in Addis Ababa (city) fetched successfully.' | 
06:06:15.467 | Info | 'Branches in Addis Ababa (city) fetched successfully.' | 
06:06:20.445 | Info | 'Data fetched on development server ...' | 
06:06:26.157 | Info | 'Data fetched on development server ...' | 
06:06:27.645 | Info | 'Data fetched on development server ...' | 
06:06:33.008 | Info | 'Branches in Addis Ababa (city) fetched successfully.' | 
06:06:33.020 | Info | 'Branches in Addis Ababa (city) fetched successfully.' | 
06:07:48.162 | Info | 'Branches in Addis Ababa (city) fetched successfully.' | 
06:08:21.453 | Info | 'Branches in Addis Ababa (city) fetched successfully.' | 
06:08:22.418 | Info | 'Branches in Addis Ababa (city) fetched successfully.' | 
06:08:24.531 | Info | 'Branches in Addis Ababa (city) fetched successfully.' | 
06:08:34.754 | Info | 'Branches in Addis Ababa (city) fetched successfully.' | 
06:08:38.420 | Info | 'Branches in Addis Ababa (city) fetched successfully.' | 
06:08:38.448 | Info | 'Branches in Addis Ababa (city) fetched successfully.' | 
06:09:27.866 | Info | 'Branches in Addis Ababa (city) fetched successfully.' | 
06:09:27.877 | Info | 'Branches in Addis Ababa (city) fetched successfully.' | 
06:09:42.047 | Info | 'Branches in Addis Ababa (city) fetched successfully.' | 
06:17:00.068 | Info | 'Branches in Addis Ababa (city) fetched successfully.' | 
06:17:00.093 | Info | 'Data fetched on development server ...' | 
06:17:00.118 | Info | 'Branches in Addis Ababa (city) fetched successfully.' | 
06:17:08.251 | Info | 'Data fetched on development server ...' | 
06:17:09.581 | Info | 'Branches in Addis Ababa (city) fetched successfully.' | 
06:17:09.595 | Info | 'Branches in Addis Ababa (city) fetched successfully.' | 
06:21:27.441 | Info | 'Server Running at 8080 on development...' | 
06:21:32.342 | Info | 'Server Running at 8080 on development...' | 
06:21:54.923 | Info | 'Server Running at 8080 on development...' | 
06:21:58.134 | Info | 'Server Running at 8080 on development...' | 
06:25:15.501 | Info | 'Server Running at 8080 on development...' | 
06:25:16.903 | Info | 'Server Running at 8080 on development...' | 
06:25:21.034 | Info | 'Server Running at 8080 on development...' | 
06:25:23.385 | Info | 'Server Running at 8080 on development...' | 
06:25:41.232 | Info | 'Server Running at 8080 on development...' | 
06:25:45.495 | Info | 'Server Running at 8080 on development...' | 
06:25:47.420 | Info | 'Server Running at 8080 on development...' | 
06:25:57.577 | Info | 'Branches in Addis Ababa (city) fetched successfully.' | 
06:25:57.596 | Info | 'Branches in Addis Ababa (city) fetched successfully.' | 
06:25:58.513 | Info | 'Branches in Addis Ababa (city) fetched successfully.' | 
06:25:58.527 | Info | 'Branches in Addis Ababa (city) fetched successfully.' | 
06:26:01.534 | Info | 'Branches in Addis Ababa (city) fetched successfully.' | 
06:26:01.549 | Info | 'Branches in Addis Ababa (city) fetched successfully.' | 
06:26:10.622 | Info | 'Branches in Addis Ababa (city) fetched successfully.' | 
06:26:10.636 | Info | 'Branches in Addis Ababa (city) fetched successfully.' | 
06:26:11.453 | Info | 'Branches in Addis Ababa (city) fetched successfully.' | 
06:26:11.471 | Info | 'Branches in Addis Ababa (city) fetched successfully.' | 
06:26:11.949 | Info | 'Branches in Addis Ababa (city) fetched successfully.' | 
06:26:11.964 | Info | 'Branches in Addis Ababa (city) fetched successfully.' | 
06:26:12.203 | Info | 'Branches in Addis Ababa (city) fetched successfully.' | 
06:26:12.215 | Info | 'Branches in Addis Ababa (city) fetched successfully.' | 
06:26:12.444 | Info | 'Branches in Addis Ababa (city) fetched successfully.' | 
06:26:12.456 | Info | 'Branches in Addis Ababa (city) fetched successfully.' | 
06:26:12.642 | Info | 'Branches in Addis Ababa (city) fetched successfully.' | 
06:26:12.655 | Info | 'Branches in Addis Ababa (city) fetched successfully.' | 
06:26:22.410 | Info | 'Branches in Addis Ababa (city) fetched successfully.' | 
06:28:06.287 | Info | 'Server Running at 8080 on development...' | 
06:28:52.393 | Info | 'Branches in Addis Ababa (city) fetched successfully.' | 
06:28:52.422 | Info | 'Branches in Addis Ababa (city) fetched successfully.' | 
06:28:54.969 | Info | 'Branches in Addis Ababa (city) fetched successfully.' | 
06:28:54.983 | Info | 'Branches in Addis Ababa (city) fetched successfully.' | 
06:31:33.429 | Info | 'Server Running at 8080 on development...' | 
06:31:34.819 | Info | 'Server Running at 8080 on development...' | 
06:31:49.492 | Info | 'Branches in Addis Ababa (city) fetched successfully.' | 
06:31:49.508 | Info | 'Branches in Addis Ababa (city) fetched successfully.' | 
06:36:36.295 | Info | 'Server Running at 8080 on development...' | 
06:36:46.100 | Info | 'Branches in Addis Ababa (city) fetched successfully.' | 
06:36:46.118 | Info | 'Branches in Addis Ababa (city) fetched successfully.' | 
06:37:10.745 | Info | 'Branches in Addis Ababa (city) fetched successfully.' | 
06:37:10.758 | Info | 'Branches in Addis Ababa (city) fetched successfully.' | 
06:41:08.227 | Info | 'Branches in Addis Ababa (city) fetched successfully.' | 
06:41:11.797 | Info | 'Branches in Addis Ababa (city) fetched successfully.' | 
06:41:14.086 | Info | 'Branches in Addis Ababa (city) fetched successfully.' | 
06:44:24.052 | Info | 'Branches in Addis Ababa (city) fetched successfully.' | 
