00:12:01.828 | Info | 'data featch on development server ...' | 
00:12:01.836 | Info | 'data featch on development server ...' | 
00:39:13.486 | Info | 'Server Running at 8080 on development...' | 
00:41:01.035 | Info | 'Tax Record with id=1 was updated successfully.' | 
00:42:38.330 | Info | 'Tax Record with id=1 was updated successfully.' | 
00:44:49.566 | Info | 'Tax Record with id=1 was updated successfully.' | 
00:49:46.303 | Info | 'Tax Record with id=1 was updated successfully.' | 
00:50:21.784 | Info | 'Tax Record with id=1 was updated successfully.' | 
00:52:25.521 | Info | 'Tax Record with id=1 was updated successfully.' | 
00:54:17.770 | Info | 'data featch on development server ...' | 
00:54:17.828 | Info | 'data featch on development server ...' | 
01:01:14.777 | Info | 'data featch on development server ...' | 
01:01:14.784 | Info | 'data featch on development server ...' | 
01:03:11.322 | Info | 'data featch on development server ...' | 
01:12:51.369 | Info | 'data featch on development server ...' | 
01:12:51.416 | Info | 'data featch on development server ...' | 
01:13:01.050 | Info | 'data featch on development server ...' | 
01:13:01.094 | Info | 'data featch on development server ...' | 
01:14:47.206 | Info | 'data featch on development server ...' | 
01:14:47.254 | Info | 'data featch on development server ...' | 
01:42:22.795 | Info | 'data featch on development server ...' | 
01:42:22.804 | Info | 'data featch on development server ...' | 
01:44:21.518 | Info | 'data featch on development server ...' | 
01:44:21.556 | Info | 'data featch on development server ...' | 
01:45:23.814 | Info | 'data featch on development server ...' | 
01:45:23.870 | Info | 'data featch on development server ...' | 
02:03:40.442 | Info | 'Server Running at 8080 on development...' | 
03:07:33.274 | Info | 'Cannot update Tax Record with id=undefined.' | 
03:07:43.019 | Info | 'Cannot update Tax Record with id=undefined.' | 
03:10:22.180 | Info | 'Cannot update Tax Record with id=undefined.' | 
03:20:10.774 | Info | 'Server Running at 8080 on development...' | 
03:23:49.835 | Info | 'No Tax Records were updated.' | 
03:28:31.213 | Info | 'No Tax Records were updated.' | 
03:30:36.152 | Info | 'No Tax Records were updated.' | 
03:31:35.131 | Info | 'No Tax Records were updated.' | 
03:35:23.356 | Info | 'No Tax Records were updated.' | 
03:35:44.322 | Info | 'No Tax Records were updated.' | 
03:41:39.014 | Info | 'No Tax Records were updated.' | 
03:45:35.125 | Info | 'No Tax Records were updated.' | 
03:45:56.051 | Info | 'No Tax Records were updated.' | 
03:47:57.451 | Info | 'Server Running at 8080 on development...' | 
03:48:01.725 | Info | 'No Tax Records were updated.' | 
03:51:01.743 | Info | 'Server Running at 8080 on development...' | 
03:51:14.053 | Info | 'No Tax Records were updated.' | 
03:51:51.951 | Info | 'No Tax Records were updated.' | 
03:57:01.626 | Info | 'No Tax Records were updated.' | 
03:57:16.727 | Info | 'Server Running at 8080 on development...' | 
03:57:20.254 | Info | 'No Tax Records were updated.' | 
03:57:50.168 | Info | 'No Tax Records were updated.' | 
04:00:02.209 | Info | 'Server Running at 8080 on development...' | 
04:00:06.544 | Info | '1 Tax Records were updated successfully.' | 
04:00:58.595 | Info | 'Server Running at 8080 on development...' | 
04:01:01.974 | Info | '1 Tax Records were updated successfully.' | 
04:02:55.145 | Info | 'Server Running at 8080 on development...' | 
04:02:57.668 | Info | '1 Tax Records were updated successfully.' | 
04:07:06.463 | Info | 'Server Running at 8080 on development...' | 
04:07:09.099 | Info | 'No Tax Records were updated.' | 
04:09:35.925 | Info | 'No Tax Records were updated.' | 
04:11:09.280 | Info | 'Server Running at 8080 on development...' | 
04:12:05.705 | Info | 'Server Running at 8080 on development...' | 
04:12:08.698 | Info | 'No Tax Records were updated.' | 
04:12:38.370 | Info | 'Server Running at 8080 on development...' | 
04:12:41.284 | Info | 'No Tax Records were updated.' | 
04:13:15.768 | Info | 'Server Running at 8080 on development...' | 
04:13:18.328 | Info | 'No Tax Records were updated.' | 
04:28:43.684 | Info | 'Server Running at 8080 on development...' | 
04:28:46.804 | Info | '1 Tax Records were updated successfully.' | 
04:30:10.410 | Info | '1 Tax Records were updated successfully.' | 
04:33:43.516 | Info | 'data featch on development server ...' | 
04:33:43.525 | Info | 'data featch on development server ...' | 
04:33:44.969 | Info | 'data featch on development server ...' | 
04:33:45.022 | Info | 'data featch on development server ...' | 
04:33:46.025 | Info | 'data featch on development server ...' | 
04:33:46.033 | Info | 'data featch on development server ...' | 
04:33:49.269 | Info | 'data featch on development server ...' | 
04:33:49.307 | Info | 'data featch on development server ...' | 
04:33:56.751 | Info | 'data featch on development server ...' | 
04:33:56.794 | Info | 'data featch on development server ...' | 
04:35:39.487 | Info | 'data featch on development server ...' | 
04:35:39.495 | Info | 'data featch on development server ...' | 
04:35:41.268 | Info | 'data featch on development server ...' | 
04:35:41.328 | Info | 'data featch on development server ...' | 
04:35:42.590 | Info | 'data featch on development server ...' | 
04:35:42.598 | Info | 'data featch on development server ...' | 
04:35:47.145 | Info | 'data featch on development server ...' | 
04:35:47.185 | Info | 'data featch on development server ...' | 
04:44:47.131 | Info | 'Server Running at 8080 on development...' | 
05:02:46.850 | Info | 'data featch on development server ...' | 
05:09:28.759 | Info | 'Server Running at 8080 on development...' | 
05:09:32.156 | Info | 'data featch on development server ...' | 
05:11:13.069 | Info | 'Server Running at 8080 on development...' | 
