00:00:13.452 | Info | 'data featch on development server ...' | 
00:00:13.495 | Info | 'data featch on development server ...' | 
00:00:14.566 | Info | 'data featch on development server ...' | 
00:00:15.930 | Info | 'data featch on development server ...' | 
00:00:15.954 | Info | 'data featch on development server ...' | 
00:03:37.499 | Info | 'data featch on development server ...' | 
00:03:37.520 | Info | 'data featch on development server ...' | 
00:07:20.648 | Info | 'data featch on development server ...' | 
00:07:20.671 | Info | 'data featch on development server ...' | 
01:02:03.871 | Info | 'data featch on development server ...' | 
01:02:03.892 | Info | 'data featch on development server ...' | 
01:02:06.848 | Info | 'data featch on development server ...' | 
01:02:08.092 | Info | 'data featch on development server ...' | 
01:02:08.114 | Info | 'data featch on development server ...' | 
01:29:40.554 | Info | 'Data fetched on development server ...' | 
01:29:46.528 | Info | 'Data fetched on development server ...' | 
01:29:48.302 | Info | 'Data fetched on development server ...' | 
01:37:02.670 | Info | 'Data fetched on development server ...' | 
01:37:19.304 | Info | 'Data fetched on development server ...' | 
01:38:29.189 | Info | 'Data fetched on development server ...' | 
01:39:36.436 | Info | 'Data fetched on development server ...' | 
01:39:47.340 | Info | 'Data fetched on development server ...' | 
01:39:54.920 | Info | '1 Tax Records were updated successfully.' | 
01:42:09.773 | Info | 'data featch on development server ...' | 
01:42:09.806 | Info | 'data featch on development server ...' | 
01:43:27.842 | Info | 'data featch on development server ...' | 
01:43:43.592 | Info | 'data featch on development server ...' | 
01:43:43.617 | Info | 'data featch on development server ...' | 
01:44:04.368 | Info | 'data featch on development server ...' | 
01:44:04.394 | Info | 'data featch on development server ...' | 
01:44:06.101 | Info | 'data featch on development server ...' | 
01:44:06.127 | Info | 'data featch on development server ...' | 
01:45:43.345 | Info | 'Data fetched on development server ...' | 
01:46:15.886 | Info | 'Data fetched on development server ...' | 
01:47:23.549 | Info | 'Data fetched on development server ...' | 
01:47:38.846 | Info | 'Data fetched on development server ...' | 
01:48:58.703 | Info | 'Data fetched on development server ...' | 
01:49:55.211 | Info | 'Data fetched on development server ...' | 
01:50:01.962 | Info | 'Data fetched on development server ...' | 
01:51:31.632 | Info | 'Data fetched on development server ...' | 
01:55:24.356 | Info | 'Data fetched on development server ...' | 
01:56:03.058 | Info | 'Data fetched on development server ...' | 
01:56:34.350 | Info | 'Data fetched on development server ...' | 
01:57:04.977 | Info | 'Data fetched on development server ...' | 
01:57:22.815 | Info | 'Data fetched on development server ...' | 
01:58:13.618 | Info | 'Data fetched on development server ...' | 
01:58:55.006 | Info | 'Data fetched on development server ...' | 
02:00:47.927 | Info | 'Data fetched on development server ...' | 
02:01:01.027 | Info | 'Data fetched on development server ...' | 
02:02:08.745 | Info | 'Data fetched on development server ...' | 
02:04:00.070 | Info | 'Data fetched on development server ...' | 
03:26:36.992 | Info | 'Data fetched on development server ...' | 
03:26:44.920 | Info | 'Data fetched on development server ...' | 
03:27:18.048 | Info | 'Data fetched on development server ...' | 
03:28:16.596 | Info | 'Data fetched on development server ...' | 
03:39:08.279 | Info | 'Data fetched on development server ...' | 
03:51:16.078 | Info | 'Data fetched on development server ...' | 
03:53:15.481 | Info | 'data featch on development server ...' | 
03:53:15.513 | Info | 'data featch on development server ...' | 
03:55:12.725 | Info | 'data featch on development server ...' | 
03:55:12.758 | Info | 'data featch on development server ...' | 
03:56:00.695 | Info | 'data featch on development server ...' | 
03:56:00.725 | Info | 'data featch on development server ...' | 
03:58:43.714 | Info | 'Tax Record with id=6 was updated successfully.' | 
03:58:52.782 | Info | '1 Tax Records were updated successfully.' | 
03:59:46.416 | Info | '1 Tax Records were updated successfully.' | 
04:00:16.712 | Info | 'data featch on development server ...' | 
04:00:16.754 | Info | 'data featch on development server ...' | 
04:01:23.883 | Info | 'data featch on development server ...' | 
04:01:24.635 | Info | 'data featch on development server ...' | 
04:01:24.669 | Info | 'data featch on development server ...' | 
04:02:11.322 | Info | 'data featch on development server ...' | 
04:02:11.344 | Info | 'data featch on development server ...' | 
04:03:48.249 | Info | 'data featch on development server ...' | 
04:03:48.275 | Info | 'data featch on development server ...' | 
04:03:49.283 | Info | 'data featch on development server ...' | 
04:03:50.193 | Info | 'data featch on development server ...' | 
04:03:50.225 | Info | 'data featch on development server ...' | 
04:06:38.466 | Info | 'data featch on development server ...' | 
04:06:40.493 | Info | 'data featch on development server ...' | 
04:06:40.530 | Info | 'data featch on development server ...' | 
04:06:59.092 | Info | 'data featch on development server ...' | 
04:06:59.115 | Info | 'data featch on development server ...' | 
04:21:28.550 | Info | 'data featch on development server ...' | 
04:21:28.571 | Info | 'data featch on development server ...' | 
04:43:59.657 | Info | 'data featch on development server ...' | 
04:43:59.682 | Info | 'data featch on development server ...' | 
04:46:59.278 | Info | 'data featch on development server ...' | 
04:46:59.302 | Info | 'data featch on development server ...' | 
05:00:21.170 | Info | 'data featch on development server ...' | 
05:00:21.202 | Info | 'data featch on development server ...' | 
05:06:21.335 | Info | 'data featch on development server ...' | 
05:06:21.361 | Info | 'data featch on development server ...' | 
05:14:22.881 | Info | 'Data fetched on development server ...' | 
05:15:28.547 | Info | 'Data fetched on development server ...' | 
05:15:44.410 | Info | 'Data fetched on development server ...' | 
05:18:30.905 | Info | '1 Tax Records were updated successfully.' | 
05:19:17.839 | Info | '1 Tax Records were updated successfully.' | 
05:19:53.818 | Info | 'data featch on development server ...' | 
05:19:53.851 | Info | 'data featch on development server ...' | 
05:39:27.820 | Info | 'data featch on development server ...' | 
05:39:27.842 | Info | 'data featch on development server ...' | 
05:40:30.309 | Info | 'data featch on development server ...' | 
05:42:03.968 | Info | 'data featch on development server ...' | 
05:43:24.901 | Info | 'data featch on development server ...' | 
05:43:26.325 | Info | 'data featch on development server ...' | 
05:43:26.368 | Info | 'data featch on development server ...' | 
05:43:52.734 | Info | 'data featch on development server ...' | 
05:46:44.194 | Info | 'data featch on development server ...' | 
05:46:45.439 | Info | 'data featch on development server ...' | 
05:46:45.469 | Info | 'data featch on development server ...' | 
05:46:47.457 | Info | 'data featch on development server ...' | 
05:46:47.485 | Info | 'data featch on development server ...' | 
05:47:13.403 | Info | 'data featch on development server ...' | 
05:47:13.428 | Info | 'data featch on development server ...' | 
05:47:29.292 | Info | 'data featch on development server ...' | 
05:47:29.312 | Info | 'data featch on development server ...' | 
05:47:40.447 | Info | 'data featch on development server ...' | 
05:47:46.027 | Info | 'data featch on development server ...' | 
05:48:15.957 | Info | 'gas_price with id=1 was updated successfully.' | 
05:48:15.974 | Info | 'data featch on development server ...' | 
05:48:36.025 | Info | 'data featch on development server ...' | 
05:48:36.053 | Info | 'data featch on development server ...' | 
05:48:47.222 | Info | 'data featch on development server ...' | 
05:56:56.639 | Info | 'data featch on development server ...' | 
05:57:17.018 | Info | 'data featch on development server ...' | 
05:57:18.986 | Info | 'data featch on development server ...' | 
05:57:21.109 | Info | 'data featch on development server ...' | 
06:11:41.647 | Info | 'data featch on development server ...' | 
06:11:54.653 | Info | 'data featch on development server ...' | 
06:11:55.714 | Info | 'data featch on development server ...' | 
06:13:25.417 | Info | 'data featch on development server ...' | 
06:17:02.616 | Info | 'data featch on development server ...' | 
06:19:06.514 | Info | 'data featch on development server ...' | 
06:25:02.541 | Info | 'data featch on development server ...' | 
06:28:27.041 | Info | 'data featch on development server ...' | 
06:28:40.346 | Info | 'data featch on development server ...' | 
06:32:00.529 | Info | 'data featch on development server ...' | 
06:35:59.097 | Info | 'data featch on development server ...' | 
06:36:01.950 | Info | 'data featch on development server ...' | 
06:36:17.976 | Info | 'data featch on development server ...' | 
06:36:41.353 | Info | 'data featch on development server ...' | 
06:38:37.814 | Info | 'data featch on development server ...' | 
06:53:25.113 | Info | 'data featch on development server ...' | 
06:55:39.618 | Info | 'data featch on development server ...' | 
23:23:59.092 | Info | 'Server Running at 8080 on development...' | 
23:25:22.907 | Info | 'data featch on development server ...' | 
23:25:22.935 | Info | 'data featch on development server ...' | 
