01:01:22.488 | Info | '15 Tax Records were updated successfully.' | 
01:11:22.260 | Info | 'Tax Record with id=219 was updated successfully.' | 
01:12:07.365 | Info | 'Tax Record with id=219 was updated successfully.' | 
01:54:39.127 | Info | 'data featch on development server ...' | 
01:54:39.158 | Info | 'data featch on development server ...' | 
01:54:42.495 | Info | 'data featch on development server ...' | 
01:54:42.521 | Info | 'data featch on development server ...' | 
01:55:03.204 | Info | 'data featch on development server ...' | 
01:55:03.229 | Info | 'data featch on development server ...' | 
01:57:27.782 | Info | 'data featch on development server ...' | 
01:57:27.809 | Info | 'data featch on development server ...' | 
02:06:43.611 | Info | 'Tax Record with id=297 was updated successfully.' | 
02:07:03.021 | Info | 'Data fetched on development server ...' | 
02:07:58.587 | Info | 'data featch on development server ...' | 
02:07:58.624 | Info | 'data featch on development server ...' | 
03:59:38.568 | Info | 'Server Running at 8080 on development...' | 
04:00:04.002 | Info | 'Data fetched on development server ...' | 
04:00:04.025 | Info | 'Data fetched on development server ...' | 
04:01:09.348 | Info | 'Server Running at 8080 on development...' | 
04:03:21.399 | Info | 'Server Running at 8080 on development...' | 
04:03:23.314 | Info | 'data featch on development server ...' | 
04:03:23.351 | Info | 'data featch on development server ...' | 
04:03:41.658 | Info | 'Server Running at 8080 on development...' | 
04:03:42.985 | Info | 'Server Running at 8080 on development...' | 
04:04:09.064 | Info | 'Server Running at 8080 on development...' | 
04:04:09.692 | Info | 'Server Running at 8080 on development...' | 
04:05:18.004 | Info | 'data featch on development server ...' | 
04:05:18.568 | Info | 'data featch on development server ...' | 
04:05:18.594 | Info | 'data featch on development server ...' | 
04:05:20.159 | Info | 'data featch on development server ...' | 
04:05:22.410 | Info | 'data featch on development server ...' | 
04:05:22.438 | Info | 'data featch on development server ...' | 
04:23:25.581 | Info | 'data featch on development server ...' | 
04:23:25.615 | Info | 'data featch on development server ...' | 
04:23:45.066 | Info | 'data featch on development server ...' | 
04:23:45.091 | Info | 'data featch on development server ...' | 
04:24:23.516 | Info | 'Server Running at 8080 on development...' | 
04:25:37.780 | Info | 'data featch on development server ...' | 
04:33:43.056 | Info | 'data featch on development server ...' | 
04:33:43.090 | Info | 'data featch on development server ...' | 
04:34:55.601 | Info | 'Server Running at 8080 on development...' | 
04:34:56.973 | Info | 'Server Running at 8080 on development...' | 
04:37:30.738 | Info | 'data featch on development server ...' | 
04:37:30.769 | Info | 'data featch on development server ...' | 
04:38:51.238 | Info | 'data featch on development server ...' | 
04:38:51.267 | Info | 'data featch on development server ...' | 
04:47:26.587 | Info | 'data featch on development server ...' | 
04:47:26.615 | Info | 'data featch on development server ...' | 
04:49:52.096 | Info | 'Server Running at 8080 on development...' | 
05:05:43.744 | Info | 'Server Running at 8080 on development...' | 
05:05:45.312 | Info | 'data featch on development server ...' | 
05:07:27.772 | Info | 'Server Running at 8080 on development...' | 
05:07:32.995 | Info | 'Server Running at 8080 on development...' | 
05:13:28.894 | Info | 'Server Running at 8080 on development...' | 
05:13:33.966 | Info | 'Data fetched on development server ...' | 
05:18:32.135 | Info | 'Data fetched on development server ...' | 
05:22:49.273 | Info | 'Server Running at 8080 on development...' | 
05:22:57.561 | Info | 'Server Running at 8080 on development...' | 
05:23:25.506 | Info | 'Server Running at 8080 on development...' | 
05:23:28.314 | Info | 'Server Running at 8080 on development...' | 
05:23:48.044 | Info | 'Server Running at 8080 on development...' | 
05:23:48.745 | Info | 'Server Running at 8080 on development...' | 
05:23:52.391 | Info | 'Server Running at 8080 on development...' | 
05:26:06.987 | Info | 'Server Running at 8080 on development...' | 
05:26:09.597 | Info | 'Server Running at 8080 on development...' | 
05:27:16.042 | Info | 'Server Running at 8080 on development...' | 
05:27:17.234 | Info | 'Server Running at 8080 on development...' | 
05:27:46.842 | Info | 'Server Running at 8080 on development...' | 
05:27:54.089 | Info | 'Server Running at 8080 on development...' | 
05:28:29.873 | Info | 'Server Running at 8080 on development...' | 
05:31:07.857 | Info | 'Server Running at 8080 on development...' | 
05:31:09.698 | Info | 'Server Running at 8080 on development...' | 
05:32:38.778 | Info | 'Server Running at 8080 on development...' | 
05:32:39.928 | Info | 'Server Running at 8080 on development...' | 
05:32:48.938 | Info | 'Server Running at 8080 on development...' | 
05:32:49.660 | Info | 'Server Running at 8080 on development...' | 
05:33:29.318 | Info | 'Server Running at 8080 on development...' | 
05:33:39.723 | Info | 'Server Running at 8080 on development...' | 
05:33:42.999 | Info | 'Server Running at 8080 on development...' | 
05:38:37.034 | Info | 'Server Running at 8080 on development...' | 
05:38:39.661 | Info | 'Server Running at 8080 on development...' | 
05:38:53.626 | Info | 'Server Running at 8080 on development...' | 
05:41:03.508 | Info | 'Server Running at 8080 on development...' | 
05:41:04.127 | Info | 'Server Running at 8080 on development...' | 
05:41:45.672 | Info | 'Server Running at 8080 on development...' | 
05:41:46.909 | Info | 'Server Running at 8080 on development...' | 
05:41:57.537 | Info | 'Data fetched on development server ...' | 
05:52:46.790 | Info | 'data featch on development server ...' | 
05:52:47.962 | Info | 'Data fetched on development server ...' | 
05:52:47.987 | Info | 'Data fetched on development server ...' | 
05:52:48.903 | Info | 'data featch on development server ...' | 
05:52:51.421 | Info | 'Data fetched on development server ...' | 
05:52:51.451 | Info | 'Data fetched on development server ...' | 
05:55:55.992 | Info | 'Server Running at 8080 on development...' | 
05:56:33.298 | Info | 'Server Running at 8080 on development...' | 
05:56:37.970 | Info | 'Server Running at 8080 on development...' | 
05:58:04.876 | Info | 'Data fetched on development server ...' | 
05:58:06.333 | Info | 'Data fetched on development server ...' | 
05:58:07.309 | Info | 'Data fetched on development server ...' | 
05:58:51.100 | Info | 'Server Running at 8080 on development...' | 
05:58:55.085 | Info | 'Cannot find Branch with id=undefined.' | 
05:59:01.264 | Info | 'Cannot find Branch with id=undefined.' | 
05:59:05.413 | Info | 'Cannot find Branch with id=undefined.' | 
05:59:06.181 | Info | 'Cannot find Branch with id=undefined.' | 
05:59:06.928 | Info | 'Cannot find Branch with id=undefined.' | 
05:59:07.694 | Info | 'Cannot find Branch with id=undefined.' | 
05:59:10.585 | Info | 'Server Running at 8080 on development...' | 
05:59:12.565 | Info | 'Cannot find Branch with id=undefined.' | 
05:59:13.289 | Info | 'Cannot find Branch with id=undefined.' | 
05:59:14.017 | Info | 'Cannot find Branch with id=undefined.' | 
05:59:14.933 | Info | 'Cannot find Branch with id=undefined.' | 
05:59:15.988 | Info | 'Cannot find Branch with id=undefined.' | 
05:59:20.592 | Info | 'Server Running at 8080 on development...' | 
05:59:28.686 | Info | 'Server Running at 8080 on development...' | 
05:59:42.596 | Info | 'Server Running at 8080 on development...' | 
06:00:09.498 | Info | 'Data fetched on development server ...' | 
06:00:26.798 | Info | 'Cannot find Branch with id=undefined.' | 
06:00:41.552 | Info | 'Server Running at 8080 on development...' | 
06:00:56.144 | Info | 'Server Running at 8080 on development...' | 
06:02:03.136 | Info | 'Server Running at 8080 on development...' | 
06:02:11.073 | Info | 'Server Running at 8080 on development...' | 
06:02:13.085 | Info | 'Server Running at 8080 on development...' | 
06:03:05.312 | Info | 'Server Running at 8080 on development...' | 
06:03:07.564 | Info | 'Server Running at 8080 on development...' | 
06:03:08.441 | Info | 'Server Running at 8080 on development...' | 
06:03:13.953 | Info | 'Server Running at 8080 on development...' | 
06:03:47.839 | Info | 'Server Running at 8080 on development...' | 
06:03:57.419 | Info | 'Server Running at 8080 on development...' | 
06:04:01.951 | Info | 'Server Running at 8080 on development...' | 
06:04:07.752 | Info | 'Server Running at 8080 on development...' | 
06:04:13.322 | Info | 'Server Running at 8080 on development...' | 
06:04:14.761 | Info | 'Server Running at 8080 on development...' | 
06:04:19.026 | Info | 'Server Running at 8080 on development...' | 
06:08:17.413 | Info | 'Server Running at 8080 on development...' | 
06:08:19.144 | Info | 'Server Running at 8080 on development...' | 
06:09:51.220 | Info | 'Server Running at 8080 on development...' | 
06:12:03.372 | Info | 'Server Running at 8080 on development...' | 
06:12:04.269 | Info | 'data featch on development server ...' | 
06:12:41.823 | Info | 'Server Running at 8080 on development...' | 
06:14:03.133 | Info | 'Server Running at 8080 on development...' | 
06:14:11.476 | Info | 'Data fetched on development server ...' | 
23:28:19.923 | Info | 'Server Running at 8080 on development...' | 
23:30:31.504 | Info | 'Data fetched on development server ...' | 
23:30:31.535 | Info | 'Data fetched on development server ...' | 
23:49:42.443 | Info | 'Server Running at 8080 on development...' | 
23:50:02.338 | Info | 'Server Running at 8080 on development...' | 
23:50:03.646 | Info | 'Server Running at 8080 on development...' | 
23:57:49.983 | Info | 'Server Running at 8080 on development...' | 
23:57:51.366 | Info | 'Server Running at 8080 on development...' | 
23:58:10.187 | Info | 'Server Running at 8080 on development...' | 
23:59:26.703 | Info | 'Server Running at 8080 on development...' | 
