00:01:43.187 | Info | 'Data fetched on development server ...' | 
00:02:05.617 | Info | 'Data fetched on development server ...' | 
00:02:38.833 | Info | 'Data fetched on development server ...' | 
00:07:37.148 | Info | 'Data fetched on development server ...' | 
00:10:26.793 | Info | 'Data fetched on development server ...' | 
00:10:32.436 | Info | 'Data fetched on development server ...' | 
00:10:37.183 | Info | 'Data fetched on development server ...' | 
00:10:40.111 | Info | 'Data fetched on development server ...' | 
00:12:27.822 | Info | 'Data fetched on development server ...' | 
00:12:57.908 | Info | 'Data fetched on development server ...' | 
00:32:54.552 | Info | 'Data fetched on development server ...' | 
00:33:20.199 | Info | 'Data fetched on development server ...' | 
00:33:44.980 | Info | 'Data fetched on development server ...' | 
00:33:47.595 | Info | 'Data fetched on development server ...' | 
00:45:07.130 | Info | 'Data fetched on development server ...' | 
00:45:11.075 | Info | 'Data fetched on development server ...' | 
01:22:25.032 | Info | 'data featch on development server ...' | 
01:22:25.059 | Info | 'data featch on development server ...' | 
01:22:28.897 | Info | 'data featch on development server ...' | 
01:22:28.925 | Info | 'data featch on development server ...' | 
01:23:33.012 | Info | 'data featch on development server ...' | 
01:23:33.710 | Info | 'data featch on development server ...' | 
01:23:33.733 | Info | 'data featch on development server ...' | 
01:41:45.366 | Info | 'data featch on development server ...' | 
01:41:45.397 | Info | 'data featch on development server ...' | 
01:41:49.737 | Info | 'data featch on development server ...' | 
01:41:49.763 | Info | 'data featch on development server ...' | 
01:41:50.198 | Info | 'data featch on development server ...' | 
01:41:59.610 | Info | 'data featch on development server ...' | 
01:41:59.633 | Info | 'data featch on development server ...' | 
03:25:49.226 | Info | 'Data fetched on development server ...' | 
03:25:56.924 | Info | 'User with id=71 tin number was updated successfully.' | 
03:25:56.950 | Info | 'Data fetched on development server ...' | 
03:26:19.033 | Info | 'Data fetched on development server ...' | 
03:26:25.346 | Info | 'Data fetched on development server ...' | 
04:38:14.842 | Info | 'data featch on development server ...' | 
04:38:14.878 | Info | 'data featch on development server ...' | 
04:38:18.427 | Info | 'data featch on development server ...' | 
04:38:18.452 | Info | 'data featch on development server ...' | 
04:38:20.167 | Info | 'data featch on development server ...' | 
04:38:20.190 | Info | 'data featch on development server ...' | 
04:38:21.937 | Info | 'data featch on development server ...' | 
04:38:21.957 | Info | 'data featch on development server ...' | 
04:40:30.377 | Info | 'data featch on development server ...' | 
04:40:30.401 | Info | 'data featch on development server ...' | 
04:40:38.606 | Info | 'data featch on development server ...' | 
04:40:45.625 | Info | 'data featch on development server ...' | 
04:41:13.099 | Info | 'data featch on development server ...' | 
04:41:13.141 | Info | 'data featch on development server ...' | 
04:41:14.523 | Info | 'data featch on development server ...' | 
04:41:17.416 | Info | 'data featch on development server ...' | 
04:41:17.440 | Info | 'data featch on development server ...' | 
04:41:24.793 | Info | 'data featch on development server ...' | 
04:41:24.820 | Info | 'data featch on development server ...' | 
04:41:27.181 | Info | 'data featch on development server ...' | 
04:41:31.585 | Info | 'data featch on development server ...' | 
04:42:34.643 | Info | 'data featch on development server ...' | 
04:42:34.669 | Info | 'data featch on development server ...' | 
04:43:13.922 | Info | 'data featch on development server ...' | 
04:43:13.946 | Info | 'data featch on development server ...' | 
04:48:19.793 | Info | 'data featch on development server ...' | 
04:48:21.339 | Info | 'data featch on development server ...' | 
04:48:21.360 | Info | 'data featch on development server ...' | 
04:48:23.108 | Info | 'data featch on development server ...' | 
04:48:23.133 | Info | 'data featch on development server ...' | 
04:48:27.823 | Info | 'data featch on development server ...' | 
04:48:27.845 | Info | 'data featch on development server ...' | 
04:50:56.496 | Info | 'data featch on development server ...' | 
04:51:14.416 | Info | 'data featch on development server ...' | 
04:51:14.439 | Info | 'data featch on development server ...' | 
04:52:38.963 | Info | 'data featch on development server ...' | 
04:52:40.047 | Info | 'data featch on development server ...' | 
04:52:40.071 | Info | 'data featch on development server ...' | 
05:10:28.266 | Info | 'data featch on development server ...' | 
05:10:29.928 | Info | 'data featch on development server ...' | 
05:10:29.953 | Info | 'data featch on development server ...' | 
05:20:29.905 | Info | 'data featch on development server ...' | 
05:20:33.680 | Info | 'data featch on development server ...' | 
05:20:33.706 | Info | 'data featch on development server ...' | 
05:52:12.690 | Info | 'Server Running at 8080 on development...' | 
05:52:38.116 | Info | 'data featch on development server ...' | 
05:52:38.152 | Info | 'data featch on development server ...' | 
23:17:29.149 | Info | 'Server Running at 8080 on development...' | 
23:17:59.652 | Info | 'data featch on development server ...' | 
23:17:59.692 | Info | 'data featch on development server ...' | 
23:18:00.574 | Info | 'data featch on development server ...' | 
23:18:02.082 | Info | 'data featch on development server ...' | 
23:18:02.110 | Info | 'data featch on development server ...' | 
23:18:04.074 | Info | 'data featch on development server ...' | 
23:18:05.618 | Info | 'data featch on development server ...' | 
23:18:04.098 | Info | 'data featch on development server ...' | 
23:18:05.641 | Info | 'data featch on development server ...' | 
23:18:04.839 | Info | 'data featch on development server ...' | 
23:18:07.523 | Info | 'data featch on development server ...' | 
23:18:07.502 | Info | 'data featch on development server ...' | 
23:18:14.239 | Info | 'data featch on development server ...' | 
23:18:08.281 | Info | 'data featch on development server ...' | 
23:18:14.260 | Info | 'data featch on development server ...' | 
23:18:52.638 | Info | 'data featch on development server ...' | 
23:18:52.682 | Info | 'data featch on development server ...' | 
23:18:53.497 | Info | 'data featch on development server ...' | 
23:18:54.406 | Info | 'data featch on development server ...' | 
23:18:54.436 | Info | 'data featch on development server ...' | 
23:18:55.008 | Info | 'data featch on development server ...' | 
23:18:55.547 | Info | 'data featch on development server ...' | 
23:18:55.577 | Info | 'data featch on development server ...' | 
23:18:57.151 | Info | 'data featch on development server ...' | 
23:18:57.174 | Info | 'data featch on development server ...' | 
23:18:57.809 | Info | 'data featch on development server ...' | 
23:25:06.601 | Info | 'data featch on development server ...' | 
23:25:58.865 | Info | 'data featch on development server ...' | 
23:26:01.638 | Info | 'data featch on development server ...' | 
23:26:19.817 | Info | 'data featch on development server ...' | 
23:26:17.105 | Info | 'data featch on development server ...' | 
23:26:19.040 | Info | 'data featch on development server ...' | 
23:26:17.134 | Info | 'data featch on development server ...' | 
23:26:19.843 | Info | 'data featch on development server ...' | 
23:27:00.628 | Info | 'data featch on development server ...' | 
23:27:01.526 | Info | 'data featch on development server ...' | 
23:27:01.552 | Info | 'data featch on development server ...' | 
23:27:04.567 | Info | 'data featch on development server ...' | 
23:27:04.594 | Info | 'data featch on development server ...' | 
23:27:05.349 | Info | 'data featch on development server ...' | 
23:27:07.726 | Info | 'data featch on development server ...' | 
23:27:07.753 | Info | 'data featch on development server ...' | 
23:27:22.691 | Info | 'data featch on development server ...' | 
23:27:22.716 | Info | 'data featch on development server ...' | 
23:27:23.498 | Info | 'data featch on development server ...' | 
23:27:24.941 | Info | 'data featch on development server ...' | 
23:27:24.965 | Info | 'data featch on development server ...' | 
23:27:31.103 | Info | 'data featch on development server ...' | 
23:27:31.129 | Info | 'data featch on development server ...' | 
23:27:31.695 | Info | 'data featch on development server ...' | 
23:27:32.535 | Info | 'data featch on development server ...' | 
23:27:32.562 | Info | 'data featch on development server ...' | 
23:27:35.382 | Info | 'data featch on development server ...' | 
23:27:35.407 | Info | 'data featch on development server ...' | 
23:27:36.397 | Info | 'data featch on development server ...' | 
23:27:37.134 | Info | 'data featch on development server ...' | 
23:27:37.160 | Info | 'data featch on development server ...' | 
23:28:29.888 | Info | 'data featch on development server ...' | 
23:28:29.920 | Info | 'data featch on development server ...' | 
23:28:35.890 | Info | 'data featch on development server ...' | 
23:28:35.935 | Info | 'data featch on development server ...' | 
23:29:21.217 | Info | 'data featch on development server ...' | 
23:29:23.009 | Info | 'data featch on development server ...' | 
23:29:23.043 | Info | 'data featch on development server ...' | 
23:29:25.059 | Info | 'data featch on development server ...' | 
23:29:25.085 | Info | 'data featch on development server ...' | 
23:29:26.139 | Info | 'data featch on development server ...' | 
23:29:26.164 | Info | 'data featch on development server ...' | 
23:30:23.361 | Info | 'data featch on development server ...' | 
23:30:23.395 | Info | 'data featch on development server ...' | 
23:30:41.462 | Info | 'data featch on development server ...' | 
23:30:41.495 | Info | 'data featch on development server ...' | 
23:30:42.057 | Info | 'data featch on development server ...' | 
23:30:42.972 | Info | 'data featch on development server ...' | 
23:30:42.997 | Info | 'data featch on development server ...' | 
23:30:43.760 | Info | 'data featch on development server ...' | 
23:31:01.365 | Info | 'data featch on development server ...' | 
23:32:21.209 | Info | 'data featch on development server ...' | 
23:32:25.552 | Info | 'data featch on development server ...' | 
23:32:25.578 | Info | 'data featch on development server ...' | 
23:32:29.976 | Info | 'data featch on development server ...' | 
23:32:28.704 | Info | 'data featch on development server ...' | 
23:32:30.860 | Info | 'data featch on development server ...' | 
23:32:28.675 | Info | 'data featch on development server ...' | 
23:32:31.680 | Info | 'data featch on development server ...' | 
23:32:30.887 | Info | 'data featch on development server ...' | 
23:32:33.653 | Info | 'data featch on development server ...' | 
23:32:33.676 | Info | 'data featch on development server ...' | 
23:33:10.665 | Info | 'data featch on development server ...' | 
23:33:10.689 | Info | 'data featch on development server ...' | 
23:33:11.420 | Info | 'data featch on development server ...' | 
23:33:13.142 | Info | 'data featch on development server ...' | 
23:33:13.167 | Info | 'data featch on development server ...' | 
23:34:20.404 | Info | 'data featch on development server ...' | 
23:34:20.431 | Info | 'data featch on development server ...' | 
23:34:21.790 | Info | 'data featch on development server ...' | 
23:34:22.685 | Info | 'data featch on development server ...' | 
23:34:22.712 | Info | 'data featch on development server ...' | 
23:34:24.325 | Info | 'data featch on development server ...' | 
23:34:24.350 | Info | 'data featch on development server ...' | 
23:35:19.463 | Info | 'data featch on development server ...' | 
23:35:20.559 | Info | 'data featch on development server ...' | 
23:35:20.586 | Info | 'data featch on development server ...' | 
23:35:47.554 | Info | 'data featch on development server ...' | 
23:43:35.076 | Info | 'data featch on development server ...' | 
23:43:36.187 | Info | 'data featch on development server ...' | 
23:47:48.467 | Info | 'Data fetched on development server ...' | 
23:47:53.773 | Info | 'Data fetched on development server ...' | 
23:48:00.493 | Info | 'Data fetched on development server ...' | 
23:49:18.840 | Info | 'Data fetched on development server ...' | 
23:49:20.772 | Info | 'Data fetched on development server ...' | 
23:49:22.166 | Info | 'Data fetched on development server ...' | 
23:51:27.040 | Info | '1 Tax Records were updated successfully.' | 
23:52:11.085 | Info | 'Data fetched on development server ...' | 
23:55:46.925 | Info | 'Data fetched on development server ...' | 
23:55:58.827 | Info | 'Data fetched on development server ...' | 
23:57:02.085 | Info | 'Data fetched on development server ...' | 
23:57:50.505 | Info | 'Data fetched on development server ...' | 
