04:41:04.747 | Info | 'Server Running at 8080 on development...' | 
04:45:42.761 | Info | 'Server Running at 8080 on development...' | 
04:45:44.932 | Info | 'Server Running at 8080 on development...' | 
04:46:19.252 | Info | 'data featch on development server ...' | 
04:46:19.286 | Info | 'data featch on development server ...' | 
04:47:36.504 | Info | 'Server Running at 8080 on development...' | 
04:47:39.253 | Info | 'Server Running at 8080 on development...' | 
04:47:45.668 | Info | 'Server Running at 8080 on development...' | 
04:47:46.880 | Info | 'Server Running at 8080 on development...' | 
04:47:50.558 | Info | 'Server Running at 8080 on development...' | 
04:47:58.712 | Info | 'Server Running at 8080 on development...' | 
04:48:02.551 | Info | 'data featch on development server ...' | 
04:48:02.587 | Info | 'data featch on development server ...' | 
04:48:28.047 | Info | 'Server Running at 8080 on development...' | 
04:48:31.518 | Info | 'Server Running at 8080 on development...' | 
04:48:33.049 | Info | 'Server Running at 8080 on development...' | 
04:48:34.781 | Info | 'Server Running at 8080 on development...' | 
04:48:50.242 | Info | 'Server Running at 8080 on development...' | 
04:48:51.905 | Info | 'Server Running at 8080 on development...' | 
04:48:54.755 | Info | 'Server Running at 8080 on development...' | 
04:48:57.665 | Info | 'Server Running at 8080 on development...' | 
04:48:59.717 | Info | 'data featch on development server ...' | 
04:48:59.746 | Info | 'data featch on development server ...' | 
04:49:14.285 | Info | 'Server Running at 8080 on development...' | 
04:49:15.454 | Info | 'Server Running at 8080 on development...' | 
04:49:16.142 | Info | 'Server Running at 8080 on development...' | 
04:49:20.107 | Info | 'data featch on development server ...' | 
04:49:20.141 | Info | 'data featch on development server ...' | 
04:49:32.293 | Info | 'Server Running at 8080 on development...' | 
04:50:19.629 | Info | 'Server Running at 8080 on development...' | 
04:50:26.223 | Info | 'data featch on development server ...' | 
04:50:26.247 | Info | 'data featch on development server ...' | 
04:51:01.004 | Info | 'Server Running at 8080 on development...' | 
04:51:02.057 | Info | 'Server Running at 8080 on development...' | 
04:51:16.246 | Info | 'data featch on development server ...' | 
04:51:16.278 | Info | 'data featch on development server ...' | 
04:53:19.670 | Info | 'Server Running at 8080 on development...' | 
04:53:23.574 | Info | 'Server Running at 8080 on development...' | 
04:53:35.116 | Info | 'data featch on development server ...' | 
04:53:35.145 | Info | 'data featch on development server ...' | 
04:54:47.673 | Info | 'Server Running at 8080 on development...' | 
04:54:48.805 | Info | 'Server Running at 8080 on development...' | 
04:54:49.602 | Info | 'Server Running at 8080 on development...' | 
04:55:02.615 | Info | 'data featch on development server ...' | 
04:55:02.653 | Info | 'data featch on development server ...' | 
04:56:25.766 | Info | 'Server Running at 8080 on development...' | 
04:58:06.086 | Info | 'Server Running at 8080 on development...' | 
04:58:07.480 | Info | 'Server Running at 8080 on development...' | 
04:58:09.558 | Info | 'Server Running at 8080 on development...' | 
05:00:09.656 | Info | 'Server Running at 8080 on development...' | 
05:00:12.834 | Info | 'Server Running at 8080 on development...' | 
05:00:19.964 | Info | 'Server Running at 8080 on development...' | 
05:00:23.376 | Info | 'Server Running at 8080 on development...' | 
05:00:23.850 | Info | 'Server Running at 8080 on development...' | 
05:01:57.689 | Info | 'Server Running at 8080 on development...' | 
05:01:58.455 | Info | 'Server Running at 8080 on development...' | 
05:02:11.718 | Info | 'data featch on development server ...' | 
05:02:11.752 | Info | 'data featch on development server ...' | 
05:02:34.854 | Info | 'Server Running at 8080 on development...' | 
05:02:36.970 | Info | 'Server Running at 8080 on development...' | 
05:02:45.784 | Info | 'Server Running at 8080 on development...' | 
05:02:47.832 | Info | 'Server Running at 8080 on development...' | 
05:03:03.837 | Info | 'Server Running at 8080 on development...' | 
05:04:54.726 | Info | 'Server Running at 8080 on development...' | 
05:04:56.348 | Info | 'Server Running at 8080 on development...' | 
05:05:01.772 | Info | 'Server Running at 8080 on development...' | 
05:05:03.759 | Info | 'Server Running at 8080 on development...' | 
05:05:05.737 | Info | 'Server Running at 8080 on development...' | 
05:25:43.513 | Info | 'Tax Record with id=24 was updated successfully.' | 
05:25:55.628 | Info | '12 Tax Records were updated successfully.' | 
05:26:18.539 | Info | 'Data fetched on development server ...' | 
05:28:00.855 | Info | 'data featch on development server ...' | 
05:28:00.883 | Info | 'data featch on development server ...' | 
05:29:49.742 | Info | 'data featch on development server ...' | 
05:29:50.080 | Info | 'data featch on development server ...' | 
05:30:21.776 | Info | 'data featch on development server ...' | 
05:30:21.801 | Info | 'data featch on development server ...' | 
05:31:35.166 | Info | 'Server Running at 8080 on development...' | 
05:31:36.997 | Info | 'Server Running at 8080 on development...' | 
05:31:37.395 | Info | 'Server Running at 8080 on development...' | 
