00:33:04.861 | Info | 'Data fetched on development server ...' | 
03:31:17.569 | Info | 'Tax Record with id=108 was updated successfully.' | 
04:30:07.635 | Info | 'Tax Record with id=114 was updated successfully.' | 
04:30:14.060 | Info | 'Tax Record with id=115 was updated successfully.' | 
04:34:31.505 | Info | '15 Tax Records were updated successfully.' | 
04:34:31.629 | Info | '15 Tax Records were updated successfully.' | 
04:34:31.762 | Info | '15 Tax Records were updated successfully.' | 
04:34:31.862 | Info | '15 Tax Records were updated successfully.' | 
04:34:31.996 | Info | '15 Tax Records were updated successfully.' | 
04:34:32.146 | Info | 'No Tax Records were updated.' | 
04:36:27.370 | Info | 'data featch on development server ...' | 
04:36:27.396 | Info | 'data featch on development server ...' | 
04:37:20.714 | Info | 'data featch on development server ...' | 
04:37:20.750 | Info | 'data featch on development server ...' | 
04:38:26.344 | Info | 'data featch on development server ...' | 
04:38:27.015 | Info | 'data featch on development server ...' | 
04:38:27.046 | Info | 'data featch on development server ...' | 
04:38:28.568 | Info | 'data featch on development server ...' | 
04:38:28.593 | Info | 'data featch on development server ...' | 
04:38:31.498 | Info | 'data featch on development server ...' | 
04:38:32.354 | Info | 'data featch on development server ...' | 
04:38:32.376 | Info | 'data featch on development server ...' | 
04:49:42.490 | Info | '15 Tax Records were updated successfully.' | 
04:52:35.219 | Info | 'data featch on development server ...' | 
04:52:35.256 | Info | 'data featch on development server ...' | 
04:59:56.072 | Info | 'data featch on development server ...' | 
04:59:56.099 | Info | 'data featch on development server ...' | 
05:01:32.222 | Info | 'data featch on development server ...' | 
05:01:32.247 | Info | 'data featch on development server ...' | 
05:08:39.258 | Info | 'data featch on development server ...' | 
05:39:07.977 | Info | 'Server Running at 8080 on development...' | 
05:39:09.912 | Info | 'Server Running at 8080 on development...' | 
06:08:30.945 | Info | 'Server Running at 8080 on development...' | 
06:08:31.390 | Info | 'Server Running at 8080 on development...' | 
06:08:36.481 | Info | 'Server Running at 8080 on development...' | 
06:08:42.624 | Info | 'Data fetched on development server ...' | 
06:08:42.665 | Info | 'Data fetched on development server ...' | 
06:08:49.005 | Info | 'Data fetched on development server ...' | 
06:08:49.046 | Info | 'Data fetched on development server ...' | 
06:09:10.708 | Info | 'Data fetched on development server ...' | 
06:09:10.737 | Info | 'Data fetched on development server ...' | 
06:10:30.820 | Info | 'data featch on development server ...' | 
06:10:32.268 | Info | 'Data fetched on development server ...' | 
06:10:32.292 | Info | 'Data fetched on development server ...' | 
06:12:46.849 | Info | 'Server Running at 8080 on development...' | 
06:12:54.160 | Info | 'Server Running at 8080 on development...' | 
06:13:05.164 | Info | 'Server Running at 8080 on development...' | 
06:13:05.615 | Info | 'Server Running at 8080 on development...' | 
06:13:40.154 | Info | 'data featch on development server ...' | 
06:13:40.183 | Info | 'data featch on development server ...' | 
23:31:35.281 | Info | 'Server Running at 8080 on development...' | 
23:34:01.556 | Info | 'data featch on development server ...' | 
23:34:01.587 | Info | 'data featch on development server ...' | 
