00:00:28.864 | Info | 'Branches in Addis Ababa (city) fetched successfully.' | 
00:00:28.877 | Info | 'Branches in Addis Ababa (city) fetched successfully.' | 
00:01:18.246 | Info | 'Branches in Addis Ababa (city) fetched successfully.' | 
00:01:18.267 | Info | 'Branches in Addis Ababa (city) fetched successfully.' | 
00:04:14.400 | Info | 'Server Running at 8080 on development...' | 
00:52:51.082 | Info | 'Server Running at 8080 on development...' | 
00:54:40.922 | Info | 'Server Running at 8080 on development...' | 
00:55:00.682 | Info | 'Server Running at 8080 on development...' | 
00:55:06.652 | Info | 'Server Running at 8080 on development...' | 
00:55:07.396 | Info | 'Server Running at 8080 on development...' | 
01:02:11.030 | Info | 'Branches in Addis Ababa (city) fetched successfully.' | 
01:03:01.636 | Info | '12 Tax Records were updated successfully.' | 
01:03:16.302 | Info | 'Branches in Addis Ababa (city) fetched successfully.' | 
01:03:16.317 | Info | 'Branches in Addis Ababa (city) fetched successfully.' | 
01:15:55.514 | Info | 'Server Running at 8080 on development...' | 
01:15:57.830 | Info | 'Server Running at 8080 on development...' | 
01:15:59.959 | Info | 'Server Running at 8080 on development...' | 
01:16:03.459 | Info | 'Server Running at 8080 on development...' | 
01:17:16.951 | Info | 'Server Running at 8080 on development...' | 
01:18:14.574 | Info | 'Server Running at 8080 on development...' | 
01:18:16.413 | Info | 'Server Running at 8080 on development...' | 
01:18:25.067 | Info | 'Server Running at 8080 on development...' | 
01:18:31.186 | Info | 'Server Running at 8080 on development...' | 
01:18:42.115 | Info | 'Server Running at 8080 on development...' | 
01:18:43.424 | Info | 'Server Running at 8080 on development...' | 
01:18:46.103 | Info | 'Server Running at 8080 on development...' | 
01:18:58.867 | Info | 'Server Running at 8080 on development...' | 
01:20:00.321 | Info | 'Server Running at 8080 on development...' | 
01:23:05.075 | Info | 'Server Running at 8080 on development...' | 
01:23:07.289 | Info | 'Server Running at 8080 on development...' | 
01:26:36.845 | Info | 'Server Running at 8080 on development...' | 
01:26:39.984 | Info | 'Server Running at 8080 on development...' | 
01:26:41.413 | Info | 'Server Running at 8080 on development...' | 
01:26:42.618 | Info | 'Server Running at 8080 on development...' | 
01:26:45.164 | Info | 'Server Running at 8080 on development...' | 
01:26:53.267 | Info | 'Server Running at 8080 on development...' | 
01:26:53.921 | Info | 'Server Running at 8080 on development...' | 
01:28:03.767 | Info | 'Server Running at 8080 on development...' | 
01:28:05.498 | Info | 'Server Running at 8080 on development...' | 
01:28:08.365 | Info | 'Server Running at 8080 on development...' | 
01:28:24.511 | Info | 'Server Running at 8080 on development...' | 
01:28:29.158 | Info | 'Server Running at 8080 on development...' | 
01:28:36.587 | Info | 'Server Running at 8080 on development...' | 
01:28:38.090 | Info | 'Server Running at 8080 on development...' | 
01:28:57.657 | Info | 'Server Running at 8080 on development...' | 
01:28:58.914 | Info | 'Server Running at 8080 on development...' | 
01:29:05.796 | Info | 'Server Running at 8080 on development...' | 
01:29:07.862 | Info | 'Server Running at 8080 on development...' | 
01:29:16.134 | Info | 'Server Running at 8080 on development...' | 
01:29:16.869 | Info | 'Server Running at 8080 on development...' | 
01:29:49.375 | Info | 'Server Running at 8080 on development...' | 
01:29:50.484 | Info | 'Server Running at 8080 on development...' | 
01:29:56.711 | Info | 'Server Running at 8080 on development...' | 
01:29:58.721 | Info | 'Server Running at 8080 on development...' | 
01:30:59.338 | Info | 'Server Running at 8080 on development...' | 
01:31:04.385 | Info | 'Server Running at 8080 on development...' | 
01:31:15.357 | Info | 'Server Running at 8080 on development...' | 
01:31:17.201 | Info | 'Server Running at 8080 on development...' | 
01:32:00.816 | Info | 'Server Running at 8080 on development...' | 
01:32:42.333 | Info | 'Branches in Addis Ababa (city) fetched successfully.' | 
01:32:42.355 | Info | 'Branches in Addis Ababa (city) fetched successfully.' | 
01:34:03.079 | Info | '12 Tax Records were updated successfully.' | 
01:34:25.454 | Info | 'Branches in Addis Ababa (city) fetched successfully.' | 
01:34:25.469 | Info | 'Branches in Addis Ababa (city) fetched successfully.' | 
01:34:38.989 | Info | 'Branches in Addis Ababa (city) fetched successfully.' | 
01:35:05.953 | Info | 'Branches in Addis Ababa (city) fetched successfully.' | 
01:35:34.455 | Info | 'Branches in Addis Ababa (city) fetched successfully.' | 
01:35:34.466 | Info | 'Branches in Addis Ababa (city) fetched successfully.' | 
01:49:54.030 | Info | 'Server Running at 8080 on development...' | 
01:49:58.139 | Info | 'Server Running at 8080 on development...' | 
01:54:30.218 | Info | 'Server Running at 8080 on development...' | 
01:56:23.934 | Info | '12 Tax Records were updated successfully.' | 
01:56:50.695 | Info | 'Branches in Addis Ababa (city) fetched successfully.' | 
01:56:50.713 | Info | 'Branches in Addis Ababa (city) fetched successfully.' | 
01:57:10.147 | Info | 'Branches in Addis Ababa (city) fetched successfully.' | 
01:57:35.495 | Info | 'Branches in Addis Ababa (city) fetched successfully.' | 
01:57:35.510 | Info | 'Branches in Addis Ababa (city) fetched successfully.' | 
01:58:19.796 | Info | 'data featch on development server ...' | 
01:58:42.779 | Info | 'Branches in Addis Ababa (city) fetched successfully.' | 
01:58:42.794 | Info | 'Branches in Addis Ababa (city) fetched successfully.' | 
01:58:54.317 | Info | 'Server Running at 8080 on development...' | 
01:59:01.980 | Info | 'Server Running at 8080 on development...' | 
01:59:13.589 | Info | 'Server Running at 8080 on development...' | 
02:02:05.557 | Info | '15 Tax Records were updated successfully.' | 
02:02:25.585 | Info | 'Branches in Addis Ababa (city) fetched successfully.' | 
02:02:25.606 | Info | 'Branches in Addis Ababa (city) fetched successfully.' | 
02:02:26.796 | Info | 'Branches in Addis Ababa (city) fetched successfully.' | 
02:02:26.810 | Info | 'Branches in Addis Ababa (city) fetched successfully.' | 
02:02:53.806 | Info | 'Branches in Addis Ababa (city) fetched successfully.' | 
02:03:01.443 | Info | 'Branches in Addis Ababa (city) fetched successfully.' | 
02:03:01.457 | Info | 'Branches in Addis Ababa (city) fetched successfully.' | 
02:08:30.140 | Info | 'Server Running at 8080 on development...' | 
02:08:30.814 | Info | 'Server Running at 8080 on development...' | 
02:08:39.941 | Info | 'Server Running at 8080 on development...' | 
03:37:22.858 | Info | 'Server Running at 8080 on development...' | 
03:37:29.609 | Info | 'Server Running at 8080 on development...' | 
03:37:32.087 | Info | 'Server Running at 8080 on development...' | 
03:37:40.581 | Info | 'Server Running at 8080 on development...' | 
03:37:42.682 | Info | 'Server Running at 8080 on development...' | 
03:37:48.952 | Info | 'Server Running at 8080 on development...' | 
03:37:55.134 | Info | 'Server Running at 8080 on development...' | 
03:37:57.632 | Info | 'Server Running at 8080 on development...' | 
03:37:59.478 | Info | 'Server Running at 8080 on development...' | 
03:38:01.762 | Info | 'Server Running at 8080 on development...' | 
03:40:31.169 | Info | 'Server Running at 8080 on development...' | 
03:40:33.235 | Info | 'Server Running at 8080 on development...' | 
03:40:37.938 | Info | 'Server Running at 8080 on development...' | 
03:40:39.752 | Info | 'Server Running at 8080 on development...' | 
03:40:45.721 | Info | 'Server Running at 8080 on development...' | 
03:40:46.284 | Info | 'Server Running at 8080 on development...' | 
03:52:20.336 | Info | 'Server Running at 8080 on development...' | 
03:52:21.057 | Info | 'Server Running at 8080 on development...' | 
03:53:39.766 | Info | 'Server Running at 8080 on development...' | 
03:53:52.859 | Info | 'Server Running at 8080 on development...' | 
03:54:01.954 | Info | 'Server Running at 8080 on development...' | 
03:54:03.658 | Info | 'Server Running at 8080 on development...' | 
03:54:26.927 | Info | 'Server Running at 8080 on development...' | 
03:54:33.257 | Info | 'Server Running at 8080 on development...' | 
03:54:34.725 | Info | 'Server Running at 8080 on development...' | 
03:55:32.011 | Info | 'Server Running at 8080 on development...' | 
03:55:42.778 | Info | 'Server Running at 8080 on development...' | 
03:55:59.254 | Info | 'Server Running at 8080 on development...' | 
03:58:15.649 | Info | 'Server Running at 8080 on development...' | 
03:58:51.338 | Info | 'Server Running at 8080 on development...' | 
03:59:04.294 | Info | 'Server Running at 8080 on development...' | 
03:59:50.318 | Info | 'Server Running at 8080 on development...' | 
03:59:57.653 | Info | 'Server Running at 8080 on development...' | 
04:00:06.260 | Info | 'Server Running at 8080 on development...' | 
04:00:18.171 | Info | 'Server Running at 8080 on development...' | 
04:00:22.812 | Info | 'Server Running at 8080 on development...' | 
04:00:30.168 | Info | 'Server Running at 8080 on development...' | 
04:00:36.220 | Info | 'Server Running at 8080 on development...' | 
04:00:52.865 | Info | 'Server Running at 8080 on development...' | 
04:00:54.035 | Info | 'Server Running at 8080 on development...' | 
04:01:08.333 | Info | 'Server Running at 8080 on development...' | 
04:01:20.303 | Info | 'Server Running at 8080 on development...' | 
04:01:23.515 | Info | 'Server Running at 8080 on development...' | 
04:01:27.255 | Info | 'Server Running at 8080 on development...' | 
04:01:32.077 | Info | 'Server Running at 8080 on development...' | 
04:01:38.340 | Info | 'Server Running at 8080 on development...' | 
04:01:38.826 | Info | 'Server Running at 8080 on development...' | 
04:02:01.272 | Info | 'Server Running at 8080 on development...' | 
04:02:58.879 | Info | 'Server Running at 8080 on development...' | 
04:03:44.145 | Info | 'Server Running at 8080 on development...' | 
04:04:14.425 | Info | 'Server Running at 8080 on development...' | 
04:04:42.769 | Info | 'Server Running at 8080 on development...' | 
04:05:14.572 | Info | 'Server Running at 8080 on development...' | 
04:05:25.406 | Info | 'Server Running at 8080 on development...' | 
04:05:26.729 | Info | 'Server Running at 8080 on development...' | 
04:05:38.221 | Info | 'Server Running at 8080 on development...' | 
04:06:08.206 | Info | 'Server Running at 8080 on development...' | 
04:06:20.318 | Info | 'Server Running at 8080 on development...' | 
04:06:29.074 | Info | 'Server Running at 8080 on development...' | 
04:06:40.656 | Info | 'Server Running at 8080 on development...' | 
04:06:44.729 | Info | 'Server Running at 8080 on development...' | 
04:06:53.799 | Info | 'Server Running at 8080 on development...' | 
04:07:00.115 | Info | 'Server Running at 8080 on development...' | 
04:07:10.051 | Info | 'Server Running at 8080 on development...' | 
04:07:10.505 | Info | 'Server Running at 8080 on development...' | 
04:07:27.690 | Info | 'Server Running at 8080 on development...' | 
04:08:12.601 | Info | 'Server Running at 8080 on development...' | 
04:08:47.744 | Info | 'Server Running at 8080 on development...' | 
04:10:09.675 | Info | 'Branches in Addis Ababa (city) fetched successfully.' | 
04:10:09.689 | Info | 'Branches in Addis Ababa (city) fetched successfully.' | 
04:11:26.815 | Info | 'Branches in Addis Ababa (city) fetched successfully.' | 
04:11:27.131 | Info | 'Branches in Addis Ababa (city) fetched successfully.' | 
04:15:08.616 | Info | 'Branches in Addis Ababa (city) fetched successfully.' | 
04:15:08.631 | Info | 'Branches in Addis Ababa (city) fetched successfully.' | 
04:15:13.079 | Info | 'Branches in Addis Ababa (city) fetched successfully.' | 
04:15:13.093 | Info | 'Branches in Addis Ababa (city) fetched successfully.' | 
04:15:47.306 | Info | 'Branches in Addis Ababa (city) fetched successfully.' | 
04:15:47.324 | Info | 'Branches in Addis Ababa (city) fetched successfully.' | 
04:15:53.377 | Info | 'Branches in Addis Ababa (city) fetched successfully.' | 
04:15:53.389 | Info | 'Branches in Addis Ababa (city) fetched successfully.' | 
04:17:03.153 | Info | 'Branches in Addis Ababa (city) fetched successfully.' | 
04:17:03.164 | Info | 'Branches in Addis Ababa (city) fetched successfully.' | 
04:17:53.302 | Info | 'Branches in Addis Ababa (city) fetched successfully.' | 
04:17:53.312 | Info | 'Branches in Addis Ababa (city) fetched successfully.' | 
04:19:30.645 | Info | 'Server Running at 8080 on development...' | 
04:20:39.631 | Info | 'Branches in Addis Ababa (city) fetched successfully.' | 
04:20:39.646 | Info | 'Branches in Addis Ababa (city) fetched successfully.' | 
04:23:23.633 | Info | 'Server Running at 8080 on development...' | 
04:23:26.432 | Info | 'Server Running at 8080 on development...' | 
04:23:29.047 | Info | 'Server Running at 8080 on development...' | 
04:23:36.920 | Info | 'Server Running at 8080 on development...' | 
04:23:38.263 | Info | 'Server Running at 8080 on development...' | 
04:23:41.851 | Info | 'Server Running at 8080 on development...' | 
04:23:45.107 | Info | 'Server Running at 8080 on development...' | 
04:23:46.664 | Info | 'Server Running at 8080 on development...' | 
04:24:37.486 | Info | 'Server Running at 8080 on development...' | 
04:24:43.153 | Info | 'Server Running at 8080 on development...' | 
04:24:45.641 | Info | 'Server Running at 8080 on development...' | 
04:24:59.212 | Info | 'Server Running at 8080 on development...' | 
04:25:00.637 | Info | 'Server Running at 8080 on development...' | 
04:25:02.153 | Info | 'Server Running at 8080 on development...' | 
04:25:04.549 | Info | 'Server Running at 8080 on development...' | 
04:26:15.177 | Info | 'Server Running at 8080 on development...' | 
04:26:36.535 | Info | 'Server Running at 8080 on development...' | 
04:27:32.135 | Info | 'Server Running at 8080 on development...' | 
04:27:35.636 | Info | 'Server Running at 8080 on development...' | 
04:27:47.131 | Info | 'Server Running at 8080 on development...' | 
04:27:50.693 | Info | 'Server Running at 8080 on development...' | 
04:27:55.612 | Info | 'Server Running at 8080 on development...' | 
04:28:04.756 | Info | 'Server Running at 8080 on development...' | 
04:28:09.186 | Info | 'Server Running at 8080 on development...' | 
04:28:13.805 | Info | 'Server Running at 8080 on development...' | 
04:29:17.217 | Info | 'Server Running at 8080 on development...' | 
04:29:24.550 | Info | 'Server Running at 8080 on development...' | 
04:29:31.397 | Info | 'Server Running at 8080 on development...' | 
04:39:56.494 | Info | 'Server Running at 8080 on development...' | 
04:40:08.109 | Info | 'Server Running at 8080 on development...' | 
04:40:10.907 | Info | 'Server Running at 8080 on development...' | 
04:41:23.625 | Info | 'Server Running at 8080 on development...' | 
04:41:24.398 | Info | 'Server Running at 8080 on development...' | 
04:42:27.349 | Info | 'Server Running at 8080 on development...' | 
04:43:39.278 | Info | 'Server Running at 8080 on development...' | 
04:44:04.257 | Info | 'Server Running at 8080 on development...' | 
04:44:19.564 | Info | 'Server Running at 8080 on development...' | 
04:44:23.493 | Info | 'Server Running at 8080 on development...' | 
04:44:43.588 | Info | 'Server Running at 8080 on development...' | 
04:44:48.954 | Info | 'Server Running at 8080 on development...' | 
04:45:15.530 | Info | 'Server Running at 8080 on development...' | 
04:45:49.288 | Info | 'Server Running at 8080 on development...' | 
04:45:54.491 | Info | 'Server Running at 8080 on development...' | 
04:45:56.682 | Info | 'Server Running at 8080 on development...' | 
04:46:05.497 | Info | 'Server Running at 8080 on development...' | 
04:46:16.570 | Info | 'Server Running at 8080 on development...' | 
04:46:37.099 | Info | 'Server Running at 8080 on development...' | 
04:46:37.673 | Info | 'Server Running at 8080 on development...' | 
04:47:07.775 | Info | 'Server Running at 8080 on development...' | 
04:52:09.160 | Info | 'Branches in Addis Ababa (city) fetched successfully.' | 
04:52:09.169 | Info | 'Branches in Addis Ababa (city) fetched successfully.' | 
04:53:50.085 | Info | '12 Tax Records were updated successfully.' | 
05:00:35.740 | Info | 'Server Running at 8080 on development...' | 
05:03:21.116 | Info | 'Branches in Addis Ababa (city) fetched successfully.' | 
05:03:21.133 | Info | 'Branches in Addis Ababa (city) fetched successfully.' | 
05:06:56.303 | Info | 'Tax Record with id=36 was updated successfully.' | 
05:23:21.855 | Info | 'Server Running at 8080 on development...' | 
05:34:37.828 | Info | 'Server Running at 8080 on development...' | 
05:51:23.840 | Info | 'Server Running at 8080 on development...' | 
05:53:02.909 | Info | 'Branches in Addis Ababa (city) fetched successfully.' | 
05:53:02.920 | Info | 'Branches in Addis Ababa (city) fetched successfully.' | 
06:09:16.264 | Info | 'Branches in Addis Ababa (city) fetched successfully.' | 
06:09:16.279 | Info | 'Branches in Addis Ababa (city) fetched successfully.' | 
06:12:12.509 | Info | 'Branches in Addis Ababa (city) fetched successfully.' | 
06:12:32.507 | Info | 'Branches in Addis Ababa (city) fetched successfully.' | 
06:12:36.483 | Info | 'Branches in Addis Ababa (city) fetched successfully.' | 
06:12:52.506 | Info | 'Branches in Addis Ababa (city) fetched successfully.' | 
06:14:00.049 | Info | 'Branches in Addis Ababa (city) fetched successfully.' | 
06:14:43.402 | Info | 'Branches in Addis Ababa (city) fetched successfully.' | 
06:14:44.500 | Info | 'Branches in Addis Ababa (city) fetched successfully.' | 
06:14:50.035 | Info | 'Branches in Addis Ababa (city) fetched successfully.' | 
06:14:52.707 | Info | 'Branches in Addis Ababa (city) fetched successfully.' | 
06:14:53.938 | Info | 'Branches in Addis Ababa (city) fetched successfully.' | 
06:15:15.390 | Info | 'Branches in Addis Ababa (city) fetched successfully.' | 
06:15:19.574 | Info | 'Branches in Addis Ababa (city) fetched successfully.' | 
06:15:29.935 | Info | 'Branches in Addis Ababa (city) fetched successfully.' | 
06:15:30.667 | Info | 'Branches in Addis Ababa (city) fetched successfully.' | 
06:15:48.161 | Info | 'Branches in Addis Ababa (city) fetched successfully.' | 
06:16:02.159 | Info | 'Branches in Addis Ababa (city) fetched successfully.' | 
06:16:05.785 | Info | 'Branches in Addis Ababa (city) fetched successfully.' | 
06:17:01.876 | Info | 'Branches in Addis Ababa (city) fetched successfully.' | 
06:17:01.888 | Info | 'Branches in Addis Ababa (city) fetched successfully.' | 
06:17:06.241 | Info | 'data featch on development server ...' | 
06:17:06.989 | Info | 'Branches in Addis Ababa (city) fetched successfully.' | 
06:17:07.004 | Info | 'Branches in Addis Ababa (city) fetched successfully.' | 
06:17:08.050 | Info | 'data featch on development server ...' | 
06:17:10.047 | Info | 'Branches in Addis Ababa (city) fetched successfully.' | 
06:17:10.061 | Info | 'Branches in Addis Ababa (city) fetched successfully.' | 
06:17:12.004 | Info | 'Branches in Addis Ababa (city) fetched successfully.' | 
06:17:12.015 | Info | 'Branches in Addis Ababa (city) fetched successfully.' | 
06:48:51.509 | Info | 'Server Running at 8080 on development...' | 
06:49:03.763 | Info | 'Server Running at 8080 on development...' | 
06:49:07.476 | Info | 'Server Running at 8080 on development...' | 
06:49:16.217 | Info | 'Server Running at 8080 on development...' | 
06:49:18.935 | Info | 'Server Running at 8080 on development...' | 
06:49:22.107 | Info | 'Server Running at 8080 on development...' | 
06:49:25.637 | Info | 'Server Running at 8080 on development...' | 
06:49:55.257 | Info | 'Server Running at 8080 on development...' | 
06:49:57.128 | Info | 'Server Running at 8080 on development...' | 
06:49:59.552 | Info | 'Server Running at 8080 on development...' | 
06:50:07.846 | Info | 'Server Running at 8080 on development...' | 
06:50:21.694 | Info | 'Server Running at 8080 on development...' | 
06:50:24.691 | Info | 'Server Running at 8080 on development...' | 
06:50:25.901 | Info | 'Server Running at 8080 on development...' | 
06:50:31.599 | Info | 'Server Running at 8080 on development...' | 
06:51:14.571 | Info | 'Server Running at 8080 on development...' | 
06:51:38.654 | Info | 'Server Running at 8080 on development...' | 
06:51:46.476 | Info | 'Server Running at 8080 on development...' | 
22:24:23.747 | Info | 'Branches in Addis Ababa (city) fetched successfully.' | 
22:24:23.757 | Info | 'Branches in Addis Ababa (city) fetched successfully.' | 
22:24:26.949 | Info | 'Branches in Addis Ababa (city) fetched successfully.' | 
22:24:26.965 | Info | 'Branches in Addis Ababa (city) fetched successfully.' | 
22:35:58.036 | Info | 'Server Running at 8080 on development...' | 
22:35:59.184 | Info | 'Server Running at 8080 on development...' | 
22:36:32.396 | Info | 'Branches in Addis Ababa (city) fetched successfully.' | 
22:36:32.424 | Info | 'Branches in Addis Ababa (city) fetched successfully.' | 
22:36:42.284 | Info | 'Data fetched on development server ...' | 
22:36:47.903 | Info | 'Branches in Addis Ababa (city) fetched successfully.' | 
22:36:47.922 | Info | 'Branches in Addis Ababa (city) fetched successfully.' | 
22:36:53.183 | Info | 'Data fetched on development server ...' | 
23:19:05.232 | Info | 'Server Running at 8080 on development...' | 
